TN:result
SF:/usr/include/c++/7/bits/alloc_traits.h
FN:435,_ZNSt16allocator_traitsISaIPN12ReliableHAMTIiihSt4hashIiESt8equal_toIiESaISt4pairIKiiEEE4NodeEEE8allocateERSC_m
FN:435,_ZNSt16allocator_traitsISaISt10_List_nodeISt4pairIKNSt7__cxx1112basic_stringIcSt11char_traitsIcESaIcEEEiEEEE8allocateERSB_m
FN:435,_ZNSt16allocator_traitsISaINSt8__detail10_Hash_nodeISt4pairIKiiELb0EEEEE8allocateERS6_m
FN:435,_ZNSt16allocator_traitsISaIcEE8allocateERS0_m
FN:435,_ZNSt16allocator_traitsISaISt10_List_nodeISt4pairIKiiEEEE8allocateERS5_m
FN:435,_ZNSt16allocator_traitsISaIPNSt8__detail15_Hash_node_baseEEE8allocateERS3_m
FN:435,_ZNSt16allocator_traitsISaIPN12ReliableHAMTINSt7__cxx1112basic_stringIcSt11char_traitsIcESaIcEEEijSt4hashIS6_ESt8equal_toIS6_ESaISt4pairIKS6_iEEE4NodeEEE8allocateERSI_m
FN:435,_ZNSt16allocator_traitsISaIPN12ReliableHAMTIiijSt4hashIiESt8equal_toIiESaISt4pairIKiiEEE4NodeEEE8allocateERSC_m
FN:461,_ZNSt16allocator_traitsISaIPN12ReliableHAMTINSt7__cxx1112basic_stringIcSt11char_traitsIcESaIcEEEijSt4hashIS6_ESt8equal_toIS6_ESaISt4pairIKS6_iEEE4NodeEEE10deallocateERSI_PSH_m
FN:461,_ZNSt16allocator_traitsISaIPNSt8__detail15_Hash_node_baseEEE10deallocateERS3_PS2_m
FN:461,_ZNSt16allocator_traitsISaISt10_List_nodeISt4pairIKiiEEEE10deallocateERS5_PS4_m
FN:461,_ZNSt16allocator_traitsISaINSt8__detail10_Hash_nodeISt4pairIKiiELb0EEEEE10deallocateERS6_PS5_m
FN:461,_ZNSt16allocator_traitsISaIcEE10deallocateERS0_Pcm
FN:461,_ZNSt16allocator_traitsISaISt10_List_nodeISt4pairIKNSt7__cxx1112basic_stringIcSt11char_traitsIcESaIcEEEiEEEE10deallocateERSB_PSA_m
FN:461,_ZNSt16allocator_traitsISaIPN12ReliableHAMTIiihSt4hashIiESt8equal_toIiESaISt4pairIKiiEEE4NodeEEE10deallocateERSC_PSB_m
FN:461,_ZNSt16allocator_traitsISaIPN12ReliableHAMTIiijSt4hashIiESt8equal_toIiESaISt4pairIKiiEEE4NodeEEE10deallocateERSC_PSB_m
FN:474,_ZNSt16allocator_traitsISaIPN12ReliableHAMTIiijSt4hashIiESt8equal_toIiESaISt4pairIKiiEEE4NodeEEE9constructISB_JSB_EEEvRSC_PT_DpOT0_
FN:474,_ZNSt16allocator_traitsISaISt10_List_nodeISt4pairIKiiEEEE9constructIS3_JS3_EEEvRS5_PT_DpOT0_
FN:474,_ZNSt16allocator_traitsISaIPN12ReliableHAMTIiihSt4hashIiESt8equal_toIiESaISt4pairIKiiEEE4NodeEEE9constructISB_JSB_EEEvRSC_PT_DpOT0_
FN:474,_ZNSt16allocator_traitsISaIPN12ReliableHAMTINSt7__cxx1112basic_stringIcSt11char_traitsIcESaIcEEEijSt4hashIS6_ESt8equal_toIS6_ESaISt4pairIKS6_iEEE4NodeEEE9constructISH_JRKSH_EEEvRSI_PT_DpOT0_
FN:474,_ZNSt16allocator_traitsISaISt4pairIKiiEEE9constructIS2_JRKSt21piecewise_construct_tSt5tupleIJRS1_EES9_IJEEEEEvRS3_PT_DpOT0_
FN:474,_ZNSt16allocator_traitsISaIPN12ReliableHAMTINSt7__cxx1112basic_stringIcSt11char_traitsIcESaIcEEEijSt4hashIS6_ESt8equal_toIS6_ESaISt4pairIKS6_iEEE4NodeEEE9constructISH_JSH_EEEvRSI_PT_DpOT0_
FN:474,_ZNSt16allocator_traitsISaIPN12ReliableHAMTIiihSt4hashIiESt8equal_toIiESaISt4pairIKiiEEE4NodeEEE9constructISB_JRKSB_EEEvRSC_PT_DpOT0_
FN:474,_ZNSt16allocator_traitsISaIPN12ReliableHAMTIiijSt4hashIiESt8equal_toIiESaISt4pairIKiiEEE4NodeEEE9constructISB_JRKSB_EEEvRSC_PT_DpOT0_
FN:474,_ZNSt16allocator_traitsISaISt10_List_nodeISt4pairIKNSt7__cxx1112basic_stringIcSt11char_traitsIcESaIcEEEiEEEE9constructIS9_JS9_EEEvRSB_PT_DpOT0_
FN:486,_ZNSt16allocator_traitsISaIPN12ReliableHAMTIiijSt4hashIiESt8equal_toIiESaISt4pairIKiiEEE4NodeEEE7destroyISB_EEvRSC_PT_
FN:486,_ZNSt16allocator_traitsISaISt10_List_nodeISt4pairIKNSt7__cxx1112basic_stringIcSt11char_traitsIcESaIcEEEiEEEE7destroyIS9_EEvRSB_PT_
FN:486,_ZNSt16allocator_traitsISaIPN12ReliableHAMTINSt7__cxx1112basic_stringIcSt11char_traitsIcESaIcEEEijSt4hashIS6_ESt8equal_toIS6_ESaISt4pairIKS6_iEEE4NodeEEE7destroyISH_EEvRSI_PT_
FN:486,_ZNSt16allocator_traitsISaISt4pairIKiiEEE7destroyIS2_EEvRS3_PT_
FN:486,_ZNSt16allocator_traitsISaIPN12ReliableHAMTIiihSt4hashIiESt8equal_toIiESaISt4pairIKiiEEE4NodeEEE7destroyISB_EEvRSC_PT_
FN:486,_ZNSt16allocator_traitsISaISt10_List_nodeISt4pairIKiiEEEE7destroyIS3_EEvRS5_PT_
FN:495,_ZNSt16allocator_traitsISaIPN12ReliableHAMTIiijSt4hashIiESt8equal_toIiESaISt4pairIKiiEEE4NodeEEE8max_sizeERKSC_
FN:495,_ZNSt16allocator_traitsISaIPN12ReliableHAMTINSt7__cxx1112basic_stringIcSt11char_traitsIcESaIcEEEijSt4hashIS6_ESt8equal_toIS6_ESaISt4pairIKS6_iEEE4NodeEEE8max_sizeERKSI_
FN:495,_ZNSt16allocator_traitsISaIPN12ReliableHAMTIiihSt4hashIiESt8equal_toIiESaISt4pairIKiiEEE4NodeEEE8max_sizeERKSC_
FN:495,_ZNSt16allocator_traitsISaIcEE8max_sizeERKS0_
FN:504,_ZNSt16allocator_traitsISaIcEE37select_on_container_copy_constructionERKS0_
FNDA:1101287,_ZNSt16allocator_traitsISaISt10_List_nodeISt4pairIKiiEEEE8allocateERS5_m
FNDA:1,_ZNSt16allocator_traitsISaISt10_List_nodeISt4pairIKNSt7__cxx1112basic_stringIcSt11char_traitsIcESaIcEEEiEEEE8allocateERSB_m
FNDA:34,_ZNSt16allocator_traitsISaIPNSt8__detail15_Hash_node_baseEEE8allocateERS3_m
FNDA:7,_ZNSt16allocator_traitsISaIPN12ReliableHAMTINSt7__cxx1112basic_stringIcSt11char_traitsIcESaIcEEEijSt4hashIS6_ESt8equal_toIS6_ESaISt4pairIKS6_iEEE4NodeEEE8allocateERSI_m
FNDA:406,_ZNSt16allocator_traitsISaIPN12ReliableHAMTIiihSt4hashIiESt8equal_toIiESaISt4pairIKiiEEE4NodeEEE8allocateERSC_m
FNDA:3168268,_ZNSt16allocator_traitsISaIPN12ReliableHAMTIiijSt4hashIiESt8equal_toIiESaISt4pairIKiiEEE4NodeEEE8allocateERSC_m
FNDA:5,_ZNSt16allocator_traitsISaIcEE8allocateERS0_m
FNDA:1099749,_ZNSt16allocator_traitsISaINSt8__detail10_Hash_nodeISt4pairIKiiELb0EEEEE8allocateERS6_m
FNDA:1,_ZNSt16allocator_traitsISaISt10_List_nodeISt4pairIKNSt7__cxx1112basic_stringIcSt11char_traitsIcESaIcEEEiEEEE10deallocateERSB_PSA_m
FNDA:1101287,_ZNSt16allocator_traitsISaISt10_List_nodeISt4pairIKiiEEEE10deallocateERS5_PS4_m
FNDA:7,_ZNSt16allocator_traitsISaIPN12ReliableHAMTINSt7__cxx1112basic_stringIcSt11char_traitsIcESaIcEEEijSt4hashIS6_ESt8equal_toIS6_ESaISt4pairIKS6_iEEE4NodeEEE10deallocateERSI_PSH_m
FNDA:406,_ZNSt16allocator_traitsISaIPN12ReliableHAMTIiihSt4hashIiESt8equal_toIiESaISt4pairIKiiEEE4NodeEEE10deallocateERSC_PSB_m
FNDA:3168268,_ZNSt16allocator_traitsISaIPN12ReliableHAMTIiijSt4hashIiESt8equal_toIiESaISt4pairIKiiEEE4NodeEEE10deallocateERSC_PSB_m
FNDA:34,_ZNSt16allocator_traitsISaIPNSt8__detail15_Hash_node_baseEEE10deallocateERS3_PS2_m
FNDA:1099749,_ZNSt16allocator_traitsISaINSt8__detail10_Hash_nodeISt4pairIKiiELb0EEEEE10deallocateERS6_PS5_m
FNDA:5,_ZNSt16allocator_traitsISaIcEE10deallocateERS0_Pcm
FNDA:1101287,_ZNSt16allocator_traitsISaISt10_List_nodeISt4pairIKiiEEEE9constructIS3_JS3_EEEvRS5_PT_DpOT0_
FNDA:1,_ZNSt16allocator_traitsISaISt10_List_nodeISt4pairIKNSt7__cxx1112basic_stringIcSt11char_traitsIcESaIcEEEiEEEE9constructIS9_JS9_EEEvRSB_PT_DpOT0_
FNDA:0,_ZNSt16allocator_traitsISaIPN12ReliableHAMTINSt7__cxx1112basic_stringIcSt11char_traitsIcESaIcEEEijSt4hashIS6_ESt8equal_toIS6_ESaISt4pairIKS6_iEEE4NodeEEE9constructISH_JSH_EEEvRSI_PT_DpOT0_
FNDA:179,_ZNSt16allocator_traitsISaIPN12ReliableHAMTIiihSt4hashIiESt8equal_toIiESaISt4pairIKiiEEE4NodeEEE9constructISB_JSB_EEEvRSC_PT_DpOT0_
FNDA:443247,_ZNSt16allocator_traitsISaIPN12ReliableHAMTIiijSt4hashIiESt8equal_toIiESaISt4pairIKiiEEE4NodeEEE9constructISB_JSB_EEEvRSC_PT_DpOT0_
FNDA:7,_ZNSt16allocator_traitsISaIPN12ReliableHAMTINSt7__cxx1112basic_stringIcSt11char_traitsIcESaIcEEEijSt4hashIS6_ESt8equal_toIS6_ESaISt4pairIKS6_iEEE4NodeEEE9constructISH_JRKSH_EEEvRSI_PT_DpOT0_
FNDA:918,_ZNSt16allocator_traitsISaIPN12ReliableHAMTIiihSt4hashIiESt8equal_toIiESaISt4pairIKiiEEE4NodeEEE9constructISB_JRKSB_EEEvRSC_PT_DpOT0_
FNDA:3662745,_ZNSt16allocator_traitsISaIPN12ReliableHAMTIiijSt4hashIiESt8equal_toIiESaISt4pairIKiiEEE4NodeEEE9constructISB_JRKSB_EEEvRSC_PT_DpOT0_
FNDA:1099749,_ZNSt16allocator_traitsISaISt4pairIKiiEEE9constructIS2_JRKSt21piecewise_construct_tSt5tupleIJRS1_EES9_IJEEEEEvRS3_PT_DpOT0_
FNDA:0,_ZNSt16allocator_traitsISaIPN12ReliableHAMTINSt7__cxx1112basic_stringIcSt11char_traitsIcESaIcEEEijSt4hashIS6_ESt8equal_toIS6_ESaISt4pairIKS6_iEEE4NodeEEE7destroyISH_EEvRSI_PT_
FNDA:1,_ZNSt16allocator_traitsISaISt10_List_nodeISt4pairIKNSt7__cxx1112basic_stringIcSt11char_traitsIcESaIcEEEiEEEE7destroyIS9_EEvRSB_PT_
FNDA:229,_ZNSt16allocator_traitsISaIPN12ReliableHAMTIiihSt4hashIiESt8equal_toIiESaISt4pairIKiiEEE4NodeEEE7destroyISB_EEvRSC_PT_
FNDA:4105992,_ZNSt16allocator_traitsISaIPN12ReliableHAMTIiijSt4hashIiESt8equal_toIiESaISt4pairIKiiEEE4NodeEEE7destroyISB_EEvRSC_PT_
FNDA:1101287,_ZNSt16allocator_traitsISaISt10_List_nodeISt4pairIKiiEEEE7destroyIS3_EEvRS5_PT_
FNDA:1099749,_ZNSt16allocator_traitsISaISt4pairIKiiEEE7destroyIS2_EEvRS3_PT_
FNDA:14,_ZNSt16allocator_traitsISaIPN12ReliableHAMTINSt7__cxx1112basic_stringIcSt11char_traitsIcESaIcEEEijSt4hashIS6_ESt8equal_toIS6_ESaISt4pairIKS6_iEEE4NodeEEE8max_sizeERKSI_
FNDA:812,_ZNSt16allocator_traitsISaIPN12ReliableHAMTIiihSt4hashIiESt8equal_toIiESaISt4pairIKiiEEE4NodeEEE8max_sizeERKSC_
FNDA:6336536,_ZNSt16allocator_traitsISaIPN12ReliableHAMTIiijSt4hashIiESt8equal_toIiESaISt4pairIKiiEEE4NodeEEE8max_sizeERKSC_
FNDA:5,_ZNSt16allocator_traitsISaIcEE8max_sizeERKS0_
FNDA:19,_ZNSt16allocator_traitsISaIcEE37select_on_container_copy_constructionERKS0_
FNF:36
FNH:34
DA:435,5369757
DA:436,5369757
DA:461,5369757
DA:462,5369757
DA:474,6308133
DA:475,6308133
DA:486,6307258
DA:487,6307258
DA:495,6337367
DA:496,6337367
DA:504,19
DA:505,19
LF:12
LH:12
end_of_record
SF:/usr/include/c++/7/bits/allocated_ptr.h
FN:52,_ZNSt15__allocated_ptrISaISt10_List_nodeISt4pairIKNSt7__cxx1112basic_stringIcSt11char_traitsIcESaIcEEEiEEEEC2ERSB_PSA_
FN:52,_ZNSt15__allocated_ptrISaISt10_List_nodeISt4pairIKiiEEEEC2ERS5_PS4_
FN:70,_ZNSt15__allocated_ptrISaISt10_List_nodeISt4pairIKNSt7__cxx1112basic_stringIcSt11char_traitsIcESaIcEEEiEEEED2Ev
FN:70,_ZNSt15__allocated_ptrISaISt10_List_nodeISt4pairIKiiEEEED2Ev
FN:78,_ZNSt15__allocated_ptrISaISt10_List_nodeISt4pairIKiiEEEEaSEDn
FN:78,_ZNSt15__allocated_ptrISaISt10_List_nodeISt4pairIKNSt7__cxx1112basic_stringIcSt11char_traitsIcESaIcEEEiEEEEaSEDn
FNDA:1101287,_ZNSt15__allocated_ptrISaISt10_List_nodeISt4pairIKiiEEEEC2ERS5_PS4_
FNDA:1,_ZNSt15__allocated_ptrISaISt10_List_nodeISt4pairIKNSt7__cxx1112basic_stringIcSt11char_traitsIcESaIcEEEiEEEEC2ERSB_PSA_
FNDA:1101287,_ZNSt15__allocated_ptrISaISt10_List_nodeISt4pairIKiiEEEED2Ev
FNDA:1,_ZNSt15__allocated_ptrISaISt10_List_nodeISt4pairIKNSt7__cxx1112basic_stringIcSt11char_traitsIcESaIcEEEiEEEED2Ev
FNDA:1101287,_ZNSt15__allocated_ptrISaISt10_List_nodeISt4pairIKiiEEEEaSEDn
FNDA:1,_ZNSt15__allocated_ptrISaISt10_List_nodeISt4pairIKNSt7__cxx1112basic_stringIcSt11char_traitsIcESaIcEEEiEEEEaSEDn
FNF:6
FNH:6
DA:52,1101288
DA:53,1101288
DA:54,1101288
DA:70,1101288
DA:72,1101288
DA:73,0
DA:74,1101288
DA:78,1101288
DA:80,1101288
DA:81,1101288
LF:10
LH:9
end_of_record
SF:/usr/include/c++/7/bits/allocator.h
FN:131,_ZNSaIPN12ReliableHAMTIiijSt4hashIiESt8equal_toIiESaISt4pairIKiiEEE4NodeEEC2Ev
FN:131,_ZNSaIPN12ReliableHAMTINSt7__cxx1112basic_stringIcSt11char_traitsIcESaIcEEEijSt4hashIS5_ESt8equal_toIS5_ESaISt4pairIKS5_iEEE4NodeEEC2Ev
FN:131,_ZNSaIPN12ReliableHAMTIiihSt4hashIiESt8equal_toIiESaISt4pairIKiiEEE4NodeEEC2Ev
FN:131,_ZNSaISt10_List_nodeISt4pairIKNSt7__cxx1112basic_stringIcSt11char_traitsIcESaIcEEEiEEEC2Ev
FN:131,_ZNSaINSt8__detail10_Hash_nodeISt4pairIKiiELb0EEEEC2Ev
FN:131,_ZNSaISt10_List_nodeISt4pairIKiiEEEC2Ev
FN:137,_ZNSaISt4pairIKiiEEC2INSt8__detail10_Hash_nodeIS1_Lb0EEEEERKSaIT_E
FN:137,_ZNSaIPNSt8__detail15_Hash_node_baseEEC2INS_10_Hash_nodeISt4pairIKiiELb0EEEEERKSaIT_E
FN:139,_ZNSaIPN12ReliableHAMTIiijSt4hashIiESt8equal_toIiESaISt4pairIKiiEEE4NodeEED2Ev
FN:139,_ZNSaIPN12ReliableHAMTINSt7__cxx1112basic_stringIcSt11char_traitsIcESaIcEEEijSt4hashIS5_ESt8equal_toIS5_ESaISt4pairIKS5_iEEE4NodeEED2Ev
FN:139,_ZNSaIPNSt8__detail15_Hash_node_baseEED2Ev
FN:139,_ZNSaINSt8__detail10_Hash_nodeISt4pairIKiiELb0EEEED2Ev
FN:139,_ZNSaISt10_List_nodeISt4pairIKNSt7__cxx1112basic_stringIcSt11char_traitsIcESaIcEEEiEEED2Ev
FN:139,_ZNSaIPN12ReliableHAMTIiihSt4hashIiESt8equal_toIiESaISt4pairIKiiEEE4NodeEED2Ev
FN:139,_ZNSaISt10_List_nodeISt4pairIKiiEEED2Ev
FN:139,_ZNSaISt4pairIKiiEED2Ev
FNDA:1,_ZNSaISt10_List_nodeISt4pairIKNSt7__cxx1112basic_stringIcSt11char_traitsIcESaIcEEEiEEEC2Ev
FNDA:1000571,_ZNSaISt10_List_nodeISt4pairIKiiEEEC2Ev
FNDA:7,_ZNSaIPN12ReliableHAMTINSt7__cxx1112basic_stringIcSt11char_traitsIcESaIcEEEijSt4hashIS5_ESt8equal_toIS5_ESaISt4pairIKS5_iEEE4NodeEEC2Ev
FNDA:103,_ZNSaIPN12ReliableHAMTIiihSt4hashIiESt8equal_toIiESaISt4pairIKiiEEE4NodeEEC2Ev
FNDA:2662995,_ZNSaIPN12ReliableHAMTIiijSt4hashIiESt8equal_toIiESaISt4pairIKiiEEE4NodeEEC2Ev
FNDA:2,_ZNSaINSt8__detail10_Hash_nodeISt4pairIKiiELb0EEEEC2Ev
FNDA:68,_ZNSaIPNSt8__detail15_Hash_node_baseEEC2INS_10_Hash_nodeISt4pairIKiiELb0EEEEERKSaIT_E
FNDA:2199498,_ZNSaISt4pairIKiiEEC2INSt8__detail10_Hash_nodeIS1_Lb0EEEEERKSaIT_E
FNDA:68,_ZNSaIPNSt8__detail15_Hash_node_baseEED2Ev
FNDA:1,_ZNSaISt10_List_nodeISt4pairIKNSt7__cxx1112basic_stringIcSt11char_traitsIcESaIcEEEiEEED2Ev
FNDA:7,_ZNSaIPN12ReliableHAMTINSt7__cxx1112basic_stringIcSt11char_traitsIcESaIcEEEijSt4hashIS5_ESt8equal_toIS5_ESaISt4pairIKS5_iEEE4NodeEED2Ev
FNDA:103,_ZNSaIPN12ReliableHAMTIiihSt4hashIiESt8equal_toIiESaISt4pairIKiiEEE4NodeEED2Ev
FNDA:1000571,_ZNSaISt10_List_nodeISt4pairIKiiEEED2Ev
FNDA:2199498,_ZNSaISt4pairIKiiEED2Ev
FNDA:2662995,_ZNSaIPN12ReliableHAMTIiijSt4hashIiESt8equal_toIiESaISt4pairIKiiEEE4NodeEED2Ev
FNDA:2,_ZNSaINSt8__detail10_Hash_nodeISt4pairIKiiELb0EEEED2Ev
FNF:16
FNH:16
DA:131,3663679
DA:137,2199566
DA:139,5863245
LF:3
LH:3
end_of_record
SF:/usr/include/c++/7/bits/basic_string.h
FN:139,_ZNSt7__cxx1112basic_stringIcSt11char_traitsIcESaIcEE12_Alloc_hiderD2Ev
FN:145,_ZNSt7__cxx1112basic_stringIcSt11char_traitsIcESaIcEE12_Alloc_hiderC2EPcRKS3_
FN:148,_ZNSt7__cxx1112basic_stringIcSt11char_traitsIcESaIcEE12_Alloc_hiderC2EPcOS3_
FN:167,_ZNSt7__cxx1112basic_stringIcSt11char_traitsIcESaIcEE7_M_dataEPc
FN:171,_ZNSt7__cxx1112basic_stringIcSt11char_traitsIcESaIcEE9_M_lengthEm
FN:175,_ZNKSt7__cxx1112basic_stringIcSt11char_traitsIcESaIcEE7_M_dataEv
FN:179,_ZNSt7__cxx1112basic_stringIcSt11char_traitsIcESaIcEE13_M_local_dataEv
FN:189,_ZNKSt7__cxx1112basic_stringIcSt11char_traitsIcESaIcEE13_M_local_dataEv
FN:199,_ZNSt7__cxx1112basic_stringIcSt11char_traitsIcESaIcEE11_M_capacityEm
FN:203,_ZNSt7__cxx1112basic_stringIcSt11char_traitsIcESaIcEE13_M_set_lengthEm
FN:210,_ZNKSt7__cxx1112basic_stringIcSt11char_traitsIcESaIcEE11_M_is_localEv
FN:218,_ZNSt7__cxx1112basic_stringIcSt11char_traitsIcESaIcEE10_M_disposeEv
FN:225,_ZNSt7__cxx1112basic_stringIcSt11char_traitsIcESaIcEE10_M_destroyEm
FN:232,_ZNSt7__cxx1112basic_stringIcSt11char_traitsIcESaIcEE16_M_construct_auxIPKcEEvT_S8_St12__false_type
FN:232,_ZNSt7__cxx1112basic_stringIcSt11char_traitsIcESaIcEE16_M_construct_auxIPcEEvT_S7_St12__false_type
FN:252,_ZNSt7__cxx1112basic_stringIcSt11char_traitsIcESaIcEE12_M_constructIPKcEEvT_S8_
FN:252,_ZNSt7__cxx1112basic_stringIcSt11char_traitsIcESaIcEE12_M_constructIPcEEvT_S7_
FN:275,_ZNSt7__cxx1112basic_stringIcSt11char_traitsIcESaIcEE16_M_get_allocatorEv
FN:279,_ZNKSt7__cxx1112basic_stringIcSt11char_traitsIcESaIcEE16_M_get_allocatorEv
FN:335,_ZNSt7__cxx1112basic_stringIcSt11char_traitsIcESaIcEE7_S_copyEPcPKcm
FN:381,_ZNSt7__cxx1112basic_stringIcSt11char_traitsIcESaIcEE13_S_copy_charsEPcS5_S5_
FN:385,_ZNSt7__cxx1112basic_stringIcSt11char_traitsIcESaIcEE13_S_copy_charsEPcPKcS7_
FN:437,_ZNSt7__cxx1112basic_stringIcSt11char_traitsIcESaIcEEC2ERKS4_
FN:509,_ZNSt7__cxx1112basic_stringIcSt11char_traitsIcESaIcEEC2EPKcRKS3_
FN:531,_ZNSt7__cxx1112basic_stringIcSt11char_traitsIcESaIcEEC2EOS4_
FN:646,_ZNSt7__cxx1112basic_stringIcSt11char_traitsIcESaIcEED2Ev
FN:920,_ZNKSt7__cxx1112basic_stringIcSt11char_traitsIcESaIcEE4sizeEv
FN:926,_ZNKSt7__cxx1112basic_stringIcSt11char_traitsIcESaIcEE6lengthEv
FN:931,_ZNKSt7__cxx1112basic_stringIcSt11char_traitsIcESaIcEE8max_sizeEv
FN:2280,_ZNKSt7__cxx1112basic_stringIcSt11char_traitsIcESaIcEE5c_strEv
FN:2292,_ZNKSt7__cxx1112basic_stringIcSt11char_traitsIcESaIcEE4dataEv
FN:6017,_ZSteqIcEN9__gnu_cxx11__enable_ifIXsrSt9__is_charIT_E7__valueEbE6__typeERKNSt7__cxx1112basic_stringIS3_St11char_traitsIS3_ESaIS3_EEESE_
FN:6602,_ZNKSt4hashINSt7__cxx1112basic_stringIcSt11char_traitsIcESaIcEEEEclERKS5_
FNDA:29,_ZNSt7__cxx1112basic_stringIcSt11char_traitsIcESaIcEE12_Alloc_hiderD2Ev
FNDA:9,_ZNSt7__cxx1112basic_stringIcSt11char_traitsIcESaIcEE12_Alloc_hiderC2EPcRKS3_
FNDA:20,_ZNSt7__cxx1112basic_stringIcSt11char_traitsIcESaIcEE12_Alloc_hiderC2EPcOS3_
FNDA:6,_ZNSt7__cxx1112basic_stringIcSt11char_traitsIcESaIcEE7_M_dataEPc
FNDA:30,_ZNSt7__cxx1112basic_stringIcSt11char_traitsIcESaIcEE9_M_lengthEm
FNDA:148,_ZNKSt7__cxx1112basic_stringIcSt11char_traitsIcESaIcEE7_M_dataEv
FNDA:30,_ZNSt7__cxx1112basic_stringIcSt11char_traitsIcESaIcEE13_M_local_dataEv
FNDA:30,_ZNKSt7__cxx1112basic_stringIcSt11char_traitsIcESaIcEE13_M_local_dataEv
FNDA:5,_ZNSt7__cxx1112basic_stringIcSt11char_traitsIcESaIcEE11_M_capacityEm
FNDA:29,_ZNSt7__cxx1112basic_stringIcSt11char_traitsIcESaIcEE13_M_set_lengthEm
FNDA:30,_ZNKSt7__cxx1112basic_stringIcSt11char_traitsIcESaIcEE11_M_is_localEv
FNDA:29,_ZNSt7__cxx1112basic_stringIcSt11char_traitsIcESaIcEE10_M_disposeEv
FNDA:5,_ZNSt7__cxx1112basic_stringIcSt11char_traitsIcESaIcEE10_M_destroyEm
FNDA:19,_ZNSt7__cxx1112basic_stringIcSt11char_traitsIcESaIcEE16_M_construct_auxIPcEEvT_S7_St12__false_type
FNDA:9,_ZNSt7__cxx1112basic_stringIcSt11char_traitsIcESaIcEE16_M_construct_auxIPKcEEvT_S8_St12__false_type
FNDA:19,_ZNSt7__cxx1112basic_stringIcSt11char_traitsIcESaIcEE12_M_constructIPcEEvT_S7_
FNDA:9,_ZNSt7__cxx1112basic_stringIcSt11char_traitsIcESaIcEE12_M_constructIPKcEEvT_S8_
FNDA:11,_ZNSt7__cxx1112basic_stringIcSt11char_traitsIcESaIcEE16_M_get_allocatorEv
FNDA:24,_ZNKSt7__cxx1112basic_stringIcSt11char_traitsIcESaIcEE16_M_get_allocatorEv
FNDA:28,_ZNSt7__cxx1112basic_stringIcSt11char_traitsIcESaIcEE7_S_copyEPcPKcm
FNDA:19,_ZNSt7__cxx1112basic_stringIcSt11char_traitsIcESaIcEE13_S_copy_charsEPcS5_S5_
FNDA:9,_ZNSt7__cxx1112basic_stringIcSt11char_traitsIcESaIcEE13_S_copy_charsEPcPKcS7_
FNDA:19,_ZNSt7__cxx1112basic_stringIcSt11char_traitsIcESaIcEEC2ERKS4_
FNDA:9,_ZNSt7__cxx1112basic_stringIcSt11char_traitsIcESaIcEEC2EPKcRKS3_
FNDA:1,_ZNSt7__cxx1112basic_stringIcSt11char_traitsIcESaIcEEC2EOS4_
FNDA:29,_ZNSt7__cxx1112basic_stringIcSt11char_traitsIcESaIcEED2Ev
FNDA:3,_ZNKSt7__cxx1112basic_stringIcSt11char_traitsIcESaIcEE4sizeEv
FNDA:22,_ZNKSt7__cxx1112basic_stringIcSt11char_traitsIcESaIcEE6lengthEv
FNDA:5,_ZNKSt7__cxx1112basic_stringIcSt11char_traitsIcESaIcEE8max_sizeEv
FNDA:14,_ZNKSt7__cxx1112basic_stringIcSt11char_traitsIcESaIcEE5c_strEv
FNDA:4,_ZNKSt7__cxx1112basic_stringIcSt11char_traitsIcESaIcEE4dataEv
FNDA:1,_ZSteqIcEN9__gnu_cxx11__enable_ifIXsrSt9__is_charIT_E7__valueEbE6__typeERKNSt7__cxx1112basic_stringIS3_St11char_traitsIS3_ESaIS3_EEESE_
FNDA:2,_ZNKSt4hashINSt7__cxx1112basic_stringIcSt11char_traitsIcESaIcEEEEclERKS5_
FNF:33
FNH:33
DA:139,29
DA:145,9
DA:146,9
DA:148,20
DA:149,20
DA:167,6
DA:168,6
DA:171,30
DA:172,30
DA:175,148
DA:176,148
DA:179,30
DA:182,30
DA:189,30
DA:192,30
DA:199,5
DA:200,5
DA:203,29
DA:205,29
DA:206,29
DA:207,29
DA:210,30
DA:211,30
DA:218,29
DA:220,29
DA:221,5
DA:222,29
DA:225,5
DA:226,5
DA:232,28
DA:236,28
DA:237,28
DA:252,28
DA:255,28
DA:256,28
DA:275,11
DA:276,11
DA:279,24
DA:280,24
DA:335,28
DA:337,28
DA:338,0
DA:340,28
DA:341,28
DA:381,19
DA:382,19
DA:385,9
DA:387,9
DA:437,19
DA:439,19
DA:440,19
DA:509,9
DA:510,9
DA:511,9
DA:531,1
DA:532,1
DA:534,1
DA:536,1
DA:541,0
DA:542,0
DA:548,1
DA:549,1
DA:550,1
DA:551,1
DA:646,29
DA:647,29
DA:920,3
DA:921,3
DA:926,22
DA:927,22
DA:931,5
DA:932,5
DA:2280,14
DA:2281,14
DA:2292,4
DA:2293,4
DA:6017,1
DA:6019,1
DA:6020,1
DA:6021,1
DA:6602,2
DA:6603,2
LF:82
LH:79
end_of_record
SF:/usr/include/c++/7/bits/basic_string.tcc
FN:132,_ZNSt7__cxx1112basic_stringIcSt11char_traitsIcESaIcEE9_M_createERmm
FN:206,_ZNSt7__cxx1112basic_stringIcSt11char_traitsIcESaIcEE12_M_constructIPKcEEvT_S8_St20forward_iterator_tag
FN:206,_ZNSt7__cxx1112basic_stringIcSt11char_traitsIcESaIcEE12_M_constructIPcEEvT_S7_St20forward_iterator_tag
FNDA:5,_ZNSt7__cxx1112basic_stringIcSt11char_traitsIcESaIcEE9_M_createERmm
FNDA:19,_ZNSt7__cxx1112basic_stringIcSt11char_traitsIcESaIcEE12_M_constructIPcEEvT_S7_St20forward_iterator_tag
FNDA:9,_ZNSt7__cxx1112basic_stringIcSt11char_traitsIcESaIcEE12_M_constructIPKcEEvT_S8_St20forward_iterator_tag
FNF:3
FNH:3
DA:132,5
DA:137,5
DA:138,0
DA:143,5
DA:145,0
DA:147,0
DA:148,0
DA:153,5
DA:206,28
DA:211,28
DA:212,0
DA:215,28
DA:217,28
DA:219,5
DA:220,5
DA:225,28
DA:232,28
DA:233,28
LF:18
LH:13
end_of_record
SF:/usr/include/c++/7/bits/char_traits.h
FN:100,_ZN9__gnu_cxx11char_traitsIcE2eqERKcS3_
FN:104,_ZN9__gnu_cxx11char_traitsIcE2ltERKcS3_
FN:148,_ZN9__gnu_cxx11char_traitsIcE7compareEPKcS3_m
FN:161,_ZN9__gnu_cxx11char_traitsIcE6lengthEPKc
FN:284,_ZNSt11char_traitsIcE6assignERcRKc
FN:300,_ZNSt11char_traitsIcE7compareEPKcS2_m
FN:314,_ZNSt11char_traitsIcE6lengthEPKc
FN:346,_ZNSt11char_traitsIcE4copyEPcPKcm
FNDA:0,_ZN9__gnu_cxx11char_traitsIcE2eqERKcS3_
FNDA:0,_ZN9__gnu_cxx11char_traitsIcE2ltERKcS3_
FNDA:0,_ZN9__gnu_cxx11char_traitsIcE7compareEPKcS3_m
FNDA:0,_ZN9__gnu_cxx11char_traitsIcE6lengthEPKc
FNDA:29,_ZNSt11char_traitsIcE6assignERcRKc
FNDA:1,_ZNSt11char_traitsIcE7compareEPKcS2_m
FNDA:9,_ZNSt11char_traitsIcE6lengthEPKc
FNDA:29,_ZNSt11char_traitsIcE4copyEPcPKcm
FNF:8
FNH:4
DA:100,0
DA:101,0
DA:104,0
DA:105,0
DA:148,0
DA:151,0
DA:152,0
DA:153,0
DA:154,0
DA:155,0
DA:156,0
DA:161,0
DA:164,0
DA:165,0
DA:166,0
DA:167,0
DA:233,9
DA:284,29
DA:285,29
DA:300,1
DA:303,1
DA:305,1
DA:306,0
DA:308,1
DA:309,0
DA:310,1
DA:314,9
DA:317,9
DA:318,0
DA:320,9
DA:346,29
DA:348,29
DA:349,0
DA:350,29
LF:34
LH:14
end_of_record
SF:/usr/include/c++/7/bits/cpp_type_traits.h
FN:408,_ZSt12__miter_baseIPPN12ReliableHAMTIiijSt4hashIiESt8equal_toIiESaISt4pairIKiiEEE4NodeEET_SD_
FN:408,_ZSt12__miter_baseIN9__gnu_cxx17__normal_iteratorIPPN12ReliableHAMTINSt7__cxx1112basic_stringIcSt11char_traitsIcESaIcEEEijSt4hashIS8_ESt8equal_toIS8_ESaISt4pairIKS8_iEEE4NodeESt6vectorISJ_SaISJ_EEEEET_SP_
FN:408,_ZSt12__miter_baseIPPN12ReliableHAMTINSt7__cxx1112basic_stringIcSt11char_traitsIcESaIcEEEijSt4hashIS6_ESt8equal_toIS6_ESaISt4pairIKS6_iEEE4NodeEET_SJ_
FN:408,_ZSt12__miter_baseIN9__gnu_cxx17__normal_iteratorIPPN12ReliableHAMTIiijSt4hashIiESt8equal_toIiESaISt4pairIKiiEEE4NodeESt6vectorISD_SaISD_EEEEET_SJ_
FN:408,_ZSt12__miter_baseIN9__gnu_cxx17__normal_iteratorIPPN12ReliableHAMTIiihSt4hashIiESt8equal_toIiESaISt4pairIKiiEEE4NodeESt6vectorISD_SaISD_EEEEET_SJ_
FN:408,_ZSt12__miter_baseIPPN12ReliableHAMTIiihSt4hashIiESt8equal_toIiESaISt4pairIKiiEEE4NodeEET_SD_
FNDA:0,_ZSt12__miter_baseIN9__gnu_cxx17__normal_iteratorIPPN12ReliableHAMTINSt7__cxx1112basic_stringIcSt11char_traitsIcESaIcEEEijSt4hashIS8_ESt8equal_toIS8_ESaISt4pairIKS8_iEEE4NodeESt6vectorISJ_SaISJ_EEEEET_SP_
FNDA:28,_ZSt12__miter_baseIPPN12ReliableHAMTINSt7__cxx1112basic_stringIcSt11char_traitsIcESaIcEEEijSt4hashIS6_ESt8equal_toIS6_ESaISt4pairIKS6_iEEE4NodeEET_SJ_
FNDA:100,_ZSt12__miter_baseIN9__gnu_cxx17__normal_iteratorIPPN12ReliableHAMTIiihSt4hashIiESt8equal_toIiESaISt4pairIKiiEEE4NodeESt6vectorISD_SaISD_EEEEET_SJ_
FNDA:1982,_ZSt12__miter_baseIPPN12ReliableHAMTIiihSt4hashIiESt8equal_toIiESaISt4pairIKiiEEE4NodeEET_SD_
FNDA:1501754,_ZSt12__miter_baseIN9__gnu_cxx17__normal_iteratorIPPN12ReliableHAMTIiijSt4hashIiESt8equal_toIiESaISt4pairIKiiEEE4NodeESt6vectorISD_SaISD_EEEEET_SJ_
FNDA:13559566,_ZSt12__miter_baseIPPN12ReliableHAMTIiijSt4hashIiESt8equal_toIiESaISt4pairIKiiEEE4NodeEET_SD_
FNF:6
FNH:5
DA:408,15063430
DA:409,15063430
LF:2
LH:2
end_of_record
SF:/usr/include/c++/7/bits/functional_hash.h
FN:148,_ZNKSt4hashIiEclEi
FN:190,_ZNSt10_Hash_impl4hashEPKvmm
FNDA:7523791,_ZNKSt4hashIiEclEi
FNDA:2,_ZNSt10_Hash_impl4hashEPKvmm
FNF:2
FNH:2
DA:148,7523791
DA:190,2
DA:192,2
LF:3
LH:3
end_of_record
SF:/usr/include/c++/7/bits/hashtable.h
FN:335,_ZNKSt10_HashtableIiSt4pairIKiiESaIS2_ENSt8__detail10_Select1stESt8equal_toIiESt4hashIiENS4_18_Mod_range_hashingENS4_20_Default_ranged_hashENS4_20_Prime_rehash_policyENS4_17_Hashtable_traitsILb0ELb0ELb1EEEE21_M_uses_single_bucketEPPNS4_15_Hash_node_baseE
FN:346,_ZNSt10_HashtableIiSt4pairIKiiESaIS2_ENSt8__detail10_Select1stESt8equal_toIiESt4hashIiENS4_18_Mod_range_hashingENS4_20_Default_ranged_hashENS4_20_Prime_rehash_policyENS4_17_Hashtable_traitsILb0ELb0ELb1EEEE19_M_allocate_bucketsEm
FN:358,_ZNSt10_HashtableIiSt4pairIKiiESaIS2_ENSt8__detail10_Select1stESt8equal_toIiESt4hashIiENS4_18_Mod_range_hashingENS4_20_Default_ranged_hashENS4_20_Prime_rehash_policyENS4_17_Hashtable_traitsILb0ELb0ELb1EEEE21_M_deallocate_bucketsEPPNS4_15_Hash_node_baseEm
FN:367,_ZNSt10_HashtableIiSt4pairIKiiESaIS2_ENSt8__detail10_Select1stESt8equal_toIiESt4hashIiENS4_18_Mod_range_hashingENS4_20_Default_ranged_hashENS4_20_Prime_rehash_policyENS4_17_Hashtable_traitsILb0ELb0ELb1EEEE21_M_deallocate_bucketsEv
FN:376,_ZNKSt10_HashtableIiSt4pairIKiiESaIS2_ENSt8__detail10_Select1stESt8equal_toIiESt4hashIiENS4_18_Mod_range_hashingENS4_20_Default_ranged_hashENS4_20_Prime_rehash_policyENS4_17_Hashtable_traitsILb0ELb0ELb1EEEE8_M_beginEv
FN:401,_ZNSt10_HashtableIiSt4pairIKiiESaIS2_ENSt8__detail10_Select1stESt8equal_toIiESt4hashIiENS4_18_Mod_range_hashingENS4_20_Default_ranged_hashENS4_20_Prime_rehash_policyENS4_17_Hashtable_traitsILb0ELb0ELb1EEEEC2Ev
FN:491,_ZNSt10_HashtableIiSt4pairIKiiESaIS2_ENSt8__detail10_Select1stESt8equal_toIiESt4hashIiENS4_18_Mod_range_hashingENS4_20_Default_ranged_hashENS4_20_Prime_rehash_policyENS4_17_Hashtable_traitsILb0ELb0ELb1EEEE5beginEv
FN:499,_ZNSt10_HashtableIiSt4pairIKiiESaIS2_ENSt8__detail10_Select1stESt8equal_toIiESt4hashIiENS4_18_Mod_range_hashingENS4_20_Default_ranged_hashENS4_20_Prime_rehash_policyENS4_17_Hashtable_traitsILb0ELb0ELb1EEEE3endEv
FN:515,_ZNKSt10_HashtableIiSt4pairIKiiESaIS2_ENSt8__detail10_Select1stESt8equal_toIiESt4hashIiENS4_18_Mod_range_hashingENS4_20_Default_ranged_hashENS4_20_Prime_rehash_policyENS4_17_Hashtable_traitsILb0ELb0ELb1EEEE4sizeEv
FN:626,_ZNKSt10_HashtableIiSt4pairIKiiESaIS2_ENSt8__detail10_Select1stESt8equal_toIiESt4hashIiENS4_18_Mod_range_hashingENS4_20_Default_ranged_hashENS4_20_Prime_rehash_policyENS4_17_Hashtable_traitsILb0ELb0ELb1EEEE15_M_bucket_indexEPNS4_10_Hash_nodeIS2_Lb0EEE
FN:630,_ZNKSt10_HashtableIiSt4pairIKiiESaIS2_ENSt8__detail10_Select1stESt8equal_toIiESt4hashIiENS4_18_Mod_range_hashingENS4_20_Default_ranged_hashENS4_20_Prime_rehash_policyENS4_17_Hashtable_traitsILb0ELb0ELb1EEEE15_M_bucket_indexERS1_m
FN:639,_ZNKSt10_HashtableIiSt4pairIKiiESaIS2_ENSt8__detail10_Select1stESt8equal_toIiESt4hashIiENS4_18_Mod_range_hashingENS4_20_Default_ranged_hashENS4_20_Prime_rehash_policyENS4_17_Hashtable_traitsILb0ELb0ELb1EEEE12_M_find_nodeEmRS1_m
FN:1354,_ZNSt10_HashtableIiSt4pairIKiiESaIS2_ENSt8__detail10_Select1stESt8equal_toIiESt4hashIiENS4_18_Mod_range_hashingENS4_20_Default_ranged_hashENS4_20_Prime_rehash_policyENS4_17_Hashtable_traitsILb0ELb0ELb1EEEED2Ev
FN:1538,_ZNKSt10_HashtableIiSt4pairIKiiESaIS2_ENSt8__detail10_Select1stESt8equal_toIiESt4hashIiENS4_18_Mod_range_hashingENS4_20_Default_ranged_hashENS4_20_Prime_rehash_policyENS4_17_Hashtable_traitsILb0ELb0ELb1EEEE19_M_find_before_nodeEmRS1_m
FN:1566,_ZNSt10_HashtableIiSt4pairIKiiESaIS2_ENSt8__detail10_Select1stESt8equal_toIiESt4hashIiENS4_18_Mod_range_hashingENS4_20_Default_ranged_hashENS4_20_Prime_rehash_policyENS4_17_Hashtable_traitsILb0ELb0ELb1EEEE22_M_insert_bucket_beginEmPNS4_10_Hash_nodeIS2_Lb0EEE
FN:1704,_ZNSt10_HashtableIiSt4pairIKiiESaIS2_ENSt8__detail10_Select1stESt8equal_toIiESt4hashIiENS4_18_Mod_range_hashingENS4_20_Default_ranged_hashENS4_20_Prime_rehash_policyENS4_17_Hashtable_traitsILb0ELb0ELb1EEEE21_M_insert_unique_nodeEmmPNS4_10_Hash_nodeIS2_Lb0EEE
FN:2028,_ZNSt10_HashtableIiSt4pairIKiiESaIS2_ENSt8__detail10_Select1stESt8equal_toIiESt4hashIiENS4_18_Mod_range_hashingENS4_20_Default_ranged_hashENS4_20_Prime_rehash_policyENS4_17_Hashtable_traitsILb0ELb0ELb1EEEE5clearEv
FN:2065,_ZNSt10_HashtableIiSt4pairIKiiESaIS2_ENSt8__detail10_Select1stESt8equal_toIiESt4hashIiENS4_18_Mod_range_hashingENS4_20_Default_ranged_hashENS4_20_Prime_rehash_policyENS4_17_Hashtable_traitsILb0ELb0ELb1EEEE9_M_rehashEmRKm
FN:2088,_ZNSt10_HashtableIiSt4pairIKiiESaIS2_ENSt8__detail10_Select1stESt8equal_toIiESt4hashIiENS4_18_Mod_range_hashingENS4_20_Default_ranged_hashENS4_20_Prime_rehash_policyENS4_17_Hashtable_traitsILb0ELb0ELb1EEEE13_M_rehash_auxEmSt17integral_constantIbLb1EE
FNDA:36,_ZNKSt10_HashtableIiSt4pairIKiiESaIS2_ENSt8__detail10_Select1stESt8equal_toIiESt4hashIiENS4_18_Mod_range_hashingENS4_20_Default_ranged_hashENS4_20_Prime_rehash_policyENS4_17_Hashtable_traitsILb0ELb0ELb1EEEE21_M_uses_single_bucketEPPNS4_15_Hash_node_baseE
FNDA:34,_ZNSt10_HashtableIiSt4pairIKiiESaIS2_ENSt8__detail10_Select1stESt8equal_toIiESt4hashIiENS4_18_Mod_range_hashingENS4_20_Default_ranged_hashENS4_20_Prime_rehash_policyENS4_17_Hashtable_traitsILb0ELb0ELb1EEEE19_M_allocate_bucketsEm
FNDA:36,_ZNSt10_HashtableIiSt4pairIKiiESaIS2_ENSt8__detail10_Select1stESt8equal_toIiESt4hashIiENS4_18_Mod_range_hashingENS4_20_Default_ranged_hashENS4_20_Prime_rehash_policyENS4_17_Hashtable_traitsILb0ELb0ELb1EEEE21_M_deallocate_bucketsEPPNS4_15_Hash_node_baseEm
FNDA:36,_ZNSt10_HashtableIiSt4pairIKiiESaIS2_ENSt8__detail10_Select1stESt8equal_toIiESt4hashIiENS4_18_Mod_range_hashingENS4_20_Default_ranged_hashENS4_20_Prime_rehash_policyENS4_17_Hashtable_traitsILb0ELb0ELb1EEEE21_M_deallocate_bucketsEv
FNDA:38,_ZNKSt10_HashtableIiSt4pairIKiiESaIS2_ENSt8__detail10_Select1stESt8equal_toIiESt4hashIiENS4_18_Mod_range_hashingENS4_20_Default_ranged_hashENS4_20_Prime_rehash_policyENS4_17_Hashtable_traitsILb0ELb0ELb1EEEE8_M_beginEv
FNDA:2,_ZNSt10_HashtableIiSt4pairIKiiESaIS2_ENSt8__detail10_Select1stESt8equal_toIiESt4hashIiENS4_18_Mod_range_hashingENS4_20_Default_ranged_hashENS4_20_Prime_rehash_policyENS4_17_Hashtable_traitsILb0ELb0ELb1EEEEC2Ev
FNDA:2,_ZNSt10_HashtableIiSt4pairIKiiESaIS2_ENSt8__detail10_Select1stESt8equal_toIiESt4hashIiENS4_18_Mod_range_hashingENS4_20_Default_ranged_hashENS4_20_Prime_rehash_policyENS4_17_Hashtable_traitsILb0ELb0ELb1EEEE5beginEv
FNDA:2,_ZNSt10_HashtableIiSt4pairIKiiESaIS2_ENSt8__detail10_Select1stESt8equal_toIiESt4hashIiENS4_18_Mod_range_hashingENS4_20_Default_ranged_hashENS4_20_Prime_rehash_policyENS4_17_Hashtable_traitsILb0ELb0ELb1EEEE3endEv
FNDA:1,_ZNKSt10_HashtableIiSt4pairIKiiESaIS2_ENSt8__detail10_Select1stESt8equal_toIiESt4hashIiENS4_18_Mod_range_hashingENS4_20_Default_ranged_hashENS4_20_Prime_rehash_policyENS4_17_Hashtable_traitsILb0ELb0ELb1EEEE4sizeEv
FNDA:1336509,_ZNKSt10_HashtableIiSt4pairIKiiESaIS2_ENSt8__detail10_Select1stESt8equal_toIiESt4hashIiENS4_18_Mod_range_hashingENS4_20_Default_ranged_hashENS4_20_Prime_rehash_policyENS4_17_Hashtable_traitsILb0ELb0ELb1EEEE15_M_bucket_indexEPNS4_10_Hash_nodeIS2_Lb0EEE
FNDA:1100034,_ZNKSt10_HashtableIiSt4pairIKiiESaIS2_ENSt8__detail10_Select1stESt8equal_toIiESt4hashIiENS4_18_Mod_range_hashingENS4_20_Default_ranged_hashENS4_20_Prime_rehash_policyENS4_17_Hashtable_traitsILb0ELb0ELb1EEEE15_M_bucket_indexERS1_m
FNDA:1100000,_ZNKSt10_HashtableIiSt4pairIKiiESaIS2_ENSt8__detail10_Select1stESt8equal_toIiESt4hashIiENS4_18_Mod_range_hashingENS4_20_Default_ranged_hashENS4_20_Prime_rehash_policyENS4_17_Hashtable_traitsILb0ELb0ELb1EEEE12_M_find_nodeEmRS1_m
FNDA:2,_ZNSt10_HashtableIiSt4pairIKiiESaIS2_ENSt8__detail10_Select1stESt8equal_toIiESt4hashIiENS4_18_Mod_range_hashingENS4_20_Default_ranged_hashENS4_20_Prime_rehash_policyENS4_17_Hashtable_traitsILb0ELb0ELb1EEEED2Ev
FNDA:1100000,_ZNKSt10_HashtableIiSt4pairIKiiESaIS2_ENSt8__detail10_Select1stESt8equal_toIiESt4hashIiENS4_18_Mod_range_hashingENS4_20_Default_ranged_hashENS4_20_Prime_rehash_policyENS4_17_Hashtable_traitsILb0ELb0ELb1EEEE19_M_find_before_nodeEmRS1_m
FNDA:1099749,_ZNSt10_HashtableIiSt4pairIKiiESaIS2_ENSt8__detail10_Select1stESt8equal_toIiESt4hashIiENS4_18_Mod_range_hashingENS4_20_Default_ranged_hashENS4_20_Prime_rehash_policyENS4_17_Hashtable_traitsILb0ELb0ELb1EEEE22_M_insert_bucket_beginEmPNS4_10_Hash_nodeIS2_Lb0EEE
FNDA:1099749,_ZNSt10_HashtableIiSt4pairIKiiESaIS2_ENSt8__detail10_Select1stESt8equal_toIiESt4hashIiENS4_18_Mod_range_hashingENS4_20_Default_ranged_hashENS4_20_Prime_rehash_policyENS4_17_Hashtable_traitsILb0ELb0ELb1EEEE21_M_insert_unique_nodeEmmPNS4_10_Hash_nodeIS2_Lb0EEE
FNDA:2,_ZNSt10_HashtableIiSt4pairIKiiESaIS2_ENSt8__detail10_Select1stESt8equal_toIiESt4hashIiENS4_18_Mod_range_hashingENS4_20_Default_ranged_hashENS4_20_Prime_rehash_policyENS4_17_Hashtable_traitsILb0ELb0ELb1EEEE5clearEv
FNDA:34,_ZNSt10_HashtableIiSt4pairIKiiESaIS2_ENSt8__detail10_Select1stESt8equal_toIiESt4hashIiENS4_18_Mod_range_hashingENS4_20_Default_ranged_hashENS4_20_Prime_rehash_policyENS4_17_Hashtable_traitsILb0ELb0ELb1EEEE9_M_rehashEmRKm
FNDA:34,_ZNSt10_HashtableIiSt4pairIKiiESaIS2_ENSt8__detail10_Select1stESt8equal_toIiESt4hashIiENS4_18_Mod_range_hashingENS4_20_Default_ranged_hashENS4_20_Prime_rehash_policyENS4_17_Hashtable_traitsILb0ELb0ELb1EEEE13_M_rehash_auxEmSt17integral_constantIbLb1EE
FNF:19
FNH:19
DA:335,36
DA:336,36
DA:346,34
DA:348,34
DA:350,0
DA:351,0
DA:354,34
DA:358,36
DA:360,36
DA:361,2
DA:363,34
DA:367,36
DA:368,36
DA:376,38
DA:377,38
DA:401,2
DA:491,2
DA:492,2
DA:499,2
DA:500,2
DA:515,1
DA:516,1
DA:626,1336509
DA:627,1336509
DA:630,1100034
DA:631,1100034
DA:639,1100000
DA:642,1100000
DA:643,1100000
DA:644,251
DA:645,1099749
DA:1354,2
DA:1358,2
DA:1359,2
DA:1360,2
DA:1538,1100000
DA:1544,1100000
DA:1545,1100000
DA:1546,538736
DA:1548,798040
DA:1551,1034816
DA:1552,251
DA:1554,797789
DA:1555,561013
DA:1556,236776
DA:1558,561013
DA:1566,1099749
DA:1570,1099749
DA:1574,561015
DA:1575,561015
DA:1582,538734
DA:1583,538734
DA:1584,538734
DA:1587,538732
DA:1588,538734
DA:1590,1099749
DA:1704,1099749
DA:1710,1099749
DA:1711,1099749
DA:1716,1099749
DA:1718,34
DA:1719,34
DA:1722,1099749
DA:1725,1099749
DA:1726,1099749
DA:1727,1099749
DA:1729,0
DA:1731,0
DA:1732,0
DA:2028,2
DA:2032,2
DA:2033,2
DA:2034,2
DA:2035,2
DA:2036,2
DA:2065,34
DA:2071,34
DA:2073,0
DA:2077,0
DA:2078,0
DA:2080,34
DA:2088,34
DA:2092,34
DA:2093,34
DA:2094,34
DA:2095,34
DA:2096,3767390
DA:2098,1883678
DA:2099,1883678
DA:2100,1883678
DA:2102,1487586
DA:2103,1487586
DA:2104,1487586
DA:2105,1487586
DA:2106,1487554
DA:2107,1487586
DA:2111,396092
DA:2112,396092
DA:2114,1883678
DA:2117,34
DA:2118,34
DA:2119,34
DA:2120,34
LF:103
LH:95
end_of_record
SF:/usr/include/c++/7/bits/hashtable_policy.h
FN:102,_ZNKSt8__detail10_Select1stclIRKSt4pairIKiiEEEDTcl3getILi0EEcl7forwardIT_Efp_EEEOS7_
FN:102,_ZNKSt8__detail10_Select1stclIRSt4pairIKiiEEEDTcl3getILi0EEcl7forwardIT_Efp_EEEOS6_
FN:233,_ZNSt8__detail15_Hash_node_baseC2Ev
FN:244,_ZNSt8__detail21_Hash_node_value_baseISt4pairIKiiEEC2Ev
FN:251,_ZNSt8__detail21_Hash_node_value_baseISt4pairIKiiEE9_M_valptrEv
FN:255,_ZNKSt8__detail21_Hash_node_value_baseISt4pairIKiiEE9_M_valptrEv
FN:259,_ZNSt8__detail21_Hash_node_value_baseISt4pairIKiiEE4_M_vEv
FN:263,_ZNKSt8__detail21_Hash_node_value_baseISt4pairIKiiEE4_M_vEv
FN:294,_ZNSt8__detail10_Hash_nodeISt4pairIKiiELb0EEC2Ev
FN:297,_ZNKSt8__detail10_Hash_nodeISt4pairIKiiELb0EE7_M_nextEv
FN:309,_ZNSt8__detail19_Node_iterator_baseISt4pairIKiiELb0EEC2EPNS_10_Hash_nodeIS3_Lb0EEE
FN:313,_ZNSt8__detail19_Node_iterator_baseISt4pairIKiiELb0EE7_M_incrEv
FN:326,_ZNSt8__detailneISt4pairIKiiELb0EEEbRKNS_19_Node_iterator_baseIT_XT0_EEES8_
FN:355,_ZNSt8__detail14_Node_iteratorISt4pairIKiiELb0ELb0EEC2EPNS_10_Hash_nodeIS3_Lb0EEE
FN:359,_ZNKSt8__detail14_Node_iteratorISt4pairIKiiELb0ELb0EEdeEv
FN:363,_ZNKSt8__detail14_Node_iteratorISt4pairIKiiELb0ELb0EEptEv
FN:367,_ZNSt8__detail14_Node_iteratorISt4pairIKiiELb0ELb0EEppEv
FN:446,_ZNKSt8__detail18_Mod_range_hashingclEmm
FN:464,_ZNSt8__detail20_Prime_rehash_policyC2Ef
FN:491,_ZNKSt8__detail20_Prime_rehash_policy8_M_stateEv
FN:499,_ZNSt8__detail20_Prime_rehash_policy8_M_resetEm
FN:713,_ZNSt8__detail9_Map_baseIiSt4pairIKiiESaIS3_ENS_10_Select1stESt8equal_toIiESt4hashIiENS_18_Mod_range_hashingENS_20_Default_ranged_hashENS_20_Prime_rehash_policyENS_17_Hashtable_traitsILb0ELb0ELb1EEELb1EEixERS2_
FN:1084,_ZNSt8__detail21_Hashtable_ebo_helperILi0ESaINS_10_Hash_nodeISt4pairIKiiELb0EEEELb1EED2Ev
FN:1087,_ZNSt8__detail21_Hashtable_ebo_helperILi0ESaINS_10_Hash_nodeISt4pairIKiiELb0EEEELb1EEC2Ev
FN:1095,_ZNSt8__detail21_Hashtable_ebo_helperILi1ESt4hashIiELb1EE7_S_cgetERKS3_
FN:1095,_ZNSt8__detail21_Hashtable_ebo_helperILi0ESt8equal_toIiELb1EE7_S_cgetERKS3_
FN:1095,_ZNSt8__detail21_Hashtable_ebo_helperILi0ENS_10_Select1stELb1EE7_S_cgetERKS2_
FN:1095,_ZNSt8__detail21_Hashtable_ebo_helperILi2ENS_18_Mod_range_hashingELb1EE7_S_cgetERKS2_
FN:1099,_ZNSt8__detail21_Hashtable_ebo_helperILi0ESaINS_10_Hash_nodeISt4pairIKiiELb0EEEELb1EE6_S_getERS7_
FN:1099,_ZNSt8__detail21_Hashtable_ebo_helperILi0ENS_10_Select1stELb1EE6_S_getERS2_
FN:1279,_ZNKSt8__detail15_Hash_code_baseIiSt4pairIKiiENS_10_Select1stESt4hashIiENS_18_Mod_range_hashingENS_20_Default_ranged_hashELb0EE12_M_hash_codeERS2_
FN:1283,_ZNKSt8__detail15_Hash_code_baseIiSt4pairIKiiENS_10_Select1stESt4hashIiENS_18_Mod_range_hashingENS_20_Default_ranged_hashELb0EE15_M_bucket_indexERS2_mm
FN:1287,_ZNKSt8__detail15_Hash_code_baseIiSt4pairIKiiENS_10_Select1stESt4hashIiENS_18_Mod_range_hashingENS_20_Default_ranged_hashELb0EE15_M_bucket_indexEPKNS_10_Hash_nodeIS3_Lb0EEEm
FN:1294,_ZNKSt8__detail15_Hash_code_baseIiSt4pairIKiiENS_10_Select1stESt4hashIiENS_18_Mod_range_hashingENS_20_Default_ranged_hashELb0EE13_M_store_codeEPNS_10_Hash_nodeIS3_Lb0EEEm
FN:1310,_ZNKSt8__detail15_Hash_code_baseIiSt4pairIKiiENS_10_Select1stESt4hashIiENS_18_Mod_range_hashingENS_20_Default_ranged_hashELb0EE10_M_extractEv
FN:1313,_ZNSt8__detail15_Hash_code_baseIiSt4pairIKiiENS_10_Select1stESt4hashIiENS_18_Mod_range_hashingENS_20_Default_ranged_hashELb0EE10_M_extractEv
FN:1316,_ZNKSt8__detail15_Hash_code_baseIiSt4pairIKiiENS_10_Select1stESt4hashIiENS_18_Mod_range_hashingENS_20_Default_ranged_hashELb0EE5_M_h1Ev
FN:1322,_ZNKSt8__detail15_Hash_code_baseIiSt4pairIKiiENS_10_Select1stESt4hashIiENS_18_Mod_range_hashingENS_20_Default_ranged_hashELb0EE5_M_h2Ev
FN:1442,_ZNSt8__detail13_Equal_helperIiSt4pairIKiiENS_10_Select1stESt8equal_toIiEmLb0EE9_S_equalsERKS6_RKS4_RS2_mPNS_10_Hash_nodeIS3_Lb0EEE
FN:1812,_ZNKSt8__detail15_Hashtable_baseIiSt4pairIKiiENS_10_Select1stESt8equal_toIiESt4hashIiENS_18_Mod_range_hashingENS_20_Default_ranged_hashENS_17_Hashtable_traitsILb0ELb0ELb1EEEE9_M_equalsERS2_mPNS_10_Hash_nodeIS3_Lb0EEE
FN:1826,_ZNKSt8__detail15_Hashtable_baseIiSt4pairIKiiENS_10_Select1stESt8equal_toIiESt4hashIiENS_18_Mod_range_hashingENS_20_Default_ranged_hashENS_17_Hashtable_traitsILb0ELb0ELb1EEEE5_M_eqEv
FN:1997,_ZNSt8__detail16_Hashtable_allocISaINS_10_Hash_nodeISt4pairIKiiELb0EEEEED2Ev
FN:2018,_ZNSt8__detail16_Hashtable_allocISaINS_10_Hash_nodeISt4pairIKiiELb0EEEEEC2Ev
FN:2028,_ZNSt8__detail16_Hashtable_allocISaINS_10_Hash_nodeISt4pairIKiiELb0EEEEE17_M_node_allocatorEv
FN:2058,_ZNSt8__detail16_Hashtable_allocISaINS_10_Hash_nodeISt4pairIKiiELb0EEEEE16_M_allocate_nodeIJRKSt21piecewise_construct_tSt5tupleIJRS3_EESC_IJEEEEEPS5_DpOT_
FN:2079,_ZNSt8__detail16_Hashtable_allocISaINS_10_Hash_nodeISt4pairIKiiELb0EEEEE18_M_deallocate_nodeEPS5_
FN:2091,_ZNSt8__detail16_Hashtable_allocISaINS_10_Hash_nodeISt4pairIKiiELb0EEEEE19_M_deallocate_nodesEPS5_
FN:2103,_ZNSt8__detail16_Hashtable_allocISaINS_10_Hash_nodeISt4pairIKiiELb0EEEEE19_M_allocate_bucketsEm
FN:2115,_ZNSt8__detail16_Hashtable_allocISaINS_10_Hash_nodeISt4pairIKiiELb0EEEEE21_M_deallocate_bucketsEPPNS_15_Hash_node_baseEm
FNDA:3220187,_ZNKSt8__detail10_Select1stclIRKSt4pairIKiiEEEDTcl3getILi0EEcl7forwardIT_Efp_EEEOS7_
FNDA:798074,_ZNKSt8__detail10_Select1stclIRSt4pairIKiiEEEDTcl3getILi0EEcl7forwardIT_Efp_EEEOS6_
FNDA:1099751,_ZNSt8__detail15_Hash_node_baseC2Ev
FNDA:1099749,_ZNSt8__detail21_Hash_node_value_baseISt4pairIKiiEEC2Ev
FNDA:5197321,_ZNSt8__detail21_Hash_node_value_baseISt4pairIKiiEE9_M_valptrEv
FNDA:3220187,_ZNKSt8__detail21_Hash_node_value_baseISt4pairIKiiEE9_M_valptrEv
FNDA:1898074,_ZNSt8__detail21_Hash_node_value_baseISt4pairIKiiEE4_M_vEv
FNDA:3220187,_ZNKSt8__detail21_Hash_node_value_baseISt4pairIKiiEE4_M_vEv
FNDA:1099749,_ZNSt8__detail10_Hash_nodeISt4pairIKiiELb0EEC2Ev
FNDA:5656461,_ZNKSt8__detail10_Hash_nodeISt4pairIKiiELb0EE7_M_nextEv
FNDA:1099753,_ZNSt8__detail19_Node_iterator_baseISt4pairIKiiELb0EEC2EPNS_10_Hash_nodeIS3_Lb0EEE
FNDA:1099749,_ZNSt8__detail19_Node_iterator_baseISt4pairIKiiELb0EE7_M_incrEv
FNDA:1099751,_ZNSt8__detailneISt4pairIKiiELb0EEEbRKNS_19_Node_iterator_baseIT_XT0_EEES8_
FNDA:1099753,_ZNSt8__detail14_Node_iteratorISt4pairIKiiELb0ELb0EEC2EPNS_10_Hash_nodeIS3_Lb0EEE
FNDA:1099749,_ZNKSt8__detail14_Node_iteratorISt4pairIKiiELb0ELb0EEdeEv
FNDA:1099749,_ZNKSt8__detail14_Node_iteratorISt4pairIKiiELb0ELb0EEptEv
FNDA:1099749,_ZNSt8__detail14_Node_iteratorISt4pairIKiiELb0ELb0EEppEv
FNDA:4320221,_ZNKSt8__detail18_Mod_range_hashingclEmm
FNDA:2,_ZNSt8__detail20_Prime_rehash_policyC2Ef
FNDA:1099749,_ZNKSt8__detail20_Prime_rehash_policy8_M_stateEv
FNDA:0,_ZNSt8__detail20_Prime_rehash_policy8_M_resetEm
FNDA:1100000,_ZNSt8__detail9_Map_baseIiSt4pairIKiiESaIS3_ENS_10_Select1stESt8equal_toIiESt4hashIiENS_18_Mod_range_hashingENS_20_Default_ranged_hashENS_20_Prime_rehash_policyENS_17_Hashtable_traitsILb0ELb0ELb1EEELb1EEixERS2_
FNDA:2,_ZNSt8__detail21_Hashtable_ebo_helperILi0ESaINS_10_Hash_nodeISt4pairIKiiELb0EEEELb1EED2Ev
FNDA:2,_ZNSt8__detail21_Hashtable_ebo_helperILi0ESaINS_10_Hash_nodeISt4pairIKiiELb0EEEELb1EEC2Ev
FNDA:4018227,_ZNSt8__detail21_Hashtable_ebo_helperILi0ENS_10_Select1stELb1EE7_S_cgetERKS2_
FNDA:798040,_ZNSt8__detail21_Hashtable_ebo_helperILi0ESt8equal_toIiELb1EE7_S_cgetERKS3_
FNDA:4320221,_ZNSt8__detail21_Hashtable_ebo_helperILi2ENS_18_Mod_range_hashingELb1EE7_S_cgetERKS2_
FNDA:4320187,_ZNSt8__detail21_Hashtable_ebo_helperILi1ESt4hashIiELb1EE7_S_cgetERKS3_
FNDA:34,_ZNSt8__detail21_Hashtable_ebo_helperILi0ENS_10_Select1stELb1EE6_S_getERS2_
FNDA:4399064,_ZNSt8__detail21_Hashtable_ebo_helperILi0ESaINS_10_Hash_nodeISt4pairIKiiELb0EEEELb1EE6_S_getERS7_
FNDA:1100000,_ZNKSt8__detail15_Hash_code_baseIiSt4pairIKiiENS_10_Select1stESt4hashIiENS_18_Mod_range_hashingENS_20_Default_ranged_hashELb0EE12_M_hash_codeERS2_
FNDA:1100034,_ZNKSt8__detail15_Hash_code_baseIiSt4pairIKiiENS_10_Select1stESt4hashIiENS_18_Mod_range_hashingENS_20_Default_ranged_hashELb0EE15_M_bucket_indexERS2_mm
FNDA:3220187,_ZNKSt8__detail15_Hash_code_baseIiSt4pairIKiiENS_10_Select1stESt4hashIiENS_18_Mod_range_hashingENS_20_Default_ranged_hashELb0EE15_M_bucket_indexEPKNS_10_Hash_nodeIS3_Lb0EEEm
FNDA:1099749,_ZNKSt8__detail15_Hash_code_baseIiSt4pairIKiiENS_10_Select1stESt4hashIiENS_18_Mod_range_hashingENS_20_Default_ranged_hashELb0EE13_M_store_codeEPNS_10_Hash_nodeIS3_Lb0EEEm
FNDA:4018227,_ZNKSt8__detail15_Hash_code_baseIiSt4pairIKiiENS_10_Select1stESt4hashIiENS_18_Mod_range_hashingENS_20_Default_ranged_hashELb0EE10_M_extractEv
FNDA:34,_ZNSt8__detail15_Hash_code_baseIiSt4pairIKiiENS_10_Select1stESt4hashIiENS_18_Mod_range_hashingENS_20_Default_ranged_hashELb0EE10_M_extractEv
FNDA:4320187,_ZNKSt8__detail15_Hash_code_baseIiSt4pairIKiiENS_10_Select1stESt4hashIiENS_18_Mod_range_hashingENS_20_Default_ranged_hashELb0EE5_M_h1Ev
FNDA:4320221,_ZNKSt8__detail15_Hash_code_baseIiSt4pairIKiiENS_10_Select1stESt4hashIiENS_18_Mod_range_hashingENS_20_Default_ranged_hashELb0EE5_M_h2Ev
FNDA:798040,_ZNSt8__detail13_Equal_helperIiSt4pairIKiiENS_10_Select1stESt8equal_toIiEmLb0EE9_S_equalsERKS6_RKS4_RS2_mPNS_10_Hash_nodeIS3_Lb0EEE
FNDA:798040,_ZNKSt8__detail15_Hashtable_baseIiSt4pairIKiiENS_10_Select1stESt8equal_toIiESt4hashIiENS_18_Mod_range_hashingENS_20_Default_ranged_hashENS_17_Hashtable_traitsILb0ELb0ELb1EEEE9_M_equalsERS2_mPNS_10_Hash_nodeIS3_Lb0EEE
FNDA:798040,_ZNKSt8__detail15_Hashtable_baseIiSt4pairIKiiENS_10_Select1stESt8equal_toIiESt4hashIiENS_18_Mod_range_hashingENS_20_Default_ranged_hashENS_17_Hashtable_traitsILb0ELb0ELb1EEEE5_M_eqEv
FNDA:2,_ZNSt8__detail16_Hashtable_allocISaINS_10_Hash_nodeISt4pairIKiiELb0EEEEED2Ev
FNDA:2,_ZNSt8__detail16_Hashtable_allocISaINS_10_Hash_nodeISt4pairIKiiELb0EEEEEC2Ev
FNDA:4399064,_ZNSt8__detail16_Hashtable_allocISaINS_10_Hash_nodeISt4pairIKiiELb0EEEEE17_M_node_allocatorEv
FNDA:1099749,_ZNSt8__detail16_Hashtable_allocISaINS_10_Hash_nodeISt4pairIKiiELb0EEEEE16_M_allocate_nodeIJRKSt21piecewise_construct_tSt5tupleIJRS3_EESC_IJEEEEEPS5_DpOT_
FNDA:1099749,_ZNSt8__detail16_Hashtable_allocISaINS_10_Hash_nodeISt4pairIKiiELb0EEEEE18_M_deallocate_nodeEPS5_
FNDA:2,_ZNSt8__detail16_Hashtable_allocISaINS_10_Hash_nodeISt4pairIKiiELb0EEEEE19_M_deallocate_nodesEPS5_
FNDA:34,_ZNSt8__detail16_Hashtable_allocISaINS_10_Hash_nodeISt4pairIKiiELb0EEEEE19_M_allocate_bucketsEm
FNDA:34,_ZNSt8__detail16_Hashtable_allocISaINS_10_Hash_nodeISt4pairIKiiELb0EEEEE21_M_deallocate_bucketsEPPNS_15_Hash_node_baseEm
FNF:49
FNH:48
DA:102,4018261
DA:104,4018261
DA:233,1099751
DA:244,1099749
DA:251,5197321
DA:252,5197321
DA:255,3220187
DA:256,3220187
DA:259,1898074
DA:260,1898074
DA:263,3220187
DA:264,3220187
DA:294,1099749
DA:297,5656461
DA:298,5656461
DA:309,1099753
DA:310,1099753
DA:313,1099749
DA:314,1099749
DA:326,1099751
DA:329,1099751
DA:355,1099753
DA:356,1099753
DA:359,1099749
DA:360,1099749
DA:363,1099749
DA:364,1099749
DA:367,1099749
DA:369,1099749
DA:370,1099749
DA:446,4320221
DA:448,4320221
DA:464,2
DA:465,2
DA:491,1099749
DA:492,1099749
DA:499,0
DA:500,0
DA:713,1100000
DA:718,1100000
DA:719,1100000
DA:720,1100000
DA:721,1100000
DA:723,1100000
DA:725,1099749
DA:728,1099749
DA:731,251
DA:1084,2
DA:1087,2
DA:1095,13456675
DA:1096,13456675
DA:1099,4399098
DA:1100,4399098
DA:1279,1100000
DA:1280,1100000
DA:1283,1100034
DA:1284,1100034
DA:1287,3220187
DA:1291,3220187
DA:1294,1099749
DA:1295,1099749
DA:1310,4018227
DA:1313,34
DA:1316,4320187
DA:1322,4320221
DA:1442,798040
DA:1444,798040
DA:1812,798040
DA:1814,798040
DA:1815,798040
DA:1826,798040
DA:1997,2
DA:2018,2
DA:2028,4399064
DA:2029,4399064
DA:2058,1099749
DA:2060,1099749
DA:2061,1099749
DA:2064,2199498
DA:2065,1099749
DA:2066,1099749
DA:2068,2199498
DA:2070,0
DA:2072,0
DA:2073,0
DA:2079,1099749
DA:2082,1099749
DA:2083,2199498
DA:2084,1099749
DA:2086,1099749
DA:2087,1099749
DA:2091,1099751
DA:2093,2199500
DA:2095,1099749
DA:2096,1099749
DA:2097,1099749
DA:2099,2
DA:2103,34
DA:2105,68
DA:2107,34
DA:2108,34
DA:2109,34
DA:2110,68
DA:2115,34
DA:2119,34
DA:2120,68
DA:2121,34
DA:2122,34
LF:108
LH:103
end_of_record
SF:/usr/include/c++/7/bits/list.tcc
FN:65,_ZNSt7__cxx1110_List_baseISt4pairIKNS_12basic_stringIcSt11char_traitsIcESaIcEEEiESaIS8_EE8_M_clearEv
FN:65,_ZNSt7__cxx1110_List_baseISt4pairIKiiESaIS3_EE8_M_clearEv
FN:324,_ZNSt7__cxx114listISt4pairIKiiESaIS3_EE6removeERKS3_
FN:324,_ZNSt7__cxx114listISt4pairIKNS_12basic_stringIcSt11char_traitsIcESaIcEEEiESaIS8_EE6removeERKS8_
FNDA:1,_ZNSt7__cxx1110_List_baseISt4pairIKNS_12basic_stringIcSt11char_traitsIcESaIcEEEiESaIS8_EE8_M_clearEv
FNDA:1000571,_ZNSt7__cxx1110_List_baseISt4pairIKiiESaIS3_EE8_M_clearEv
FNDA:999801,_ZNSt7__cxx114listISt4pairIKiiESaIS3_EE6removeERKS3_
FNDA:0,_ZNSt7__cxx114listISt4pairIKNS_12basic_stringIcSt11char_traitsIcESaIcEEEiESaIS8_EE6removeERKS8_
FNF:4
FNH:3
DA:65,1000572
DA:69,1000572
DA:70,1203546
DA:72,101487
DA:73,101487
DA:74,101487
DA:76,101487
DA:80,101487
DA:82,1000572
DA:324,999801
DA:327,999801
DA:328,999801
DA:329,999801
DA:330,2999403
DA:332,999801
DA:333,999801
DA:334,999801
DA:339,999801
DA:340,0
DA:342,999801
DA:344,999801
DA:346,999801
DA:347,999801
DA:348,999801
LF:24
LH:23
end_of_record
SF:/usr/include/c++/7/bits/move.h
FN:47,_ZSt11__addressofIKSt4pairIKNSt7__cxx1112basic_stringIcSt11char_traitsIcESaIcEEEiEEPT_RSA_
FN:47,_ZSt11__addressofIPN12ReliableHAMTINSt7__cxx1112basic_stringIcSt11char_traitsIcESaIcEEEijSt4hashIS6_ESt8equal_toIS6_ESaISt4pairIKS6_iEEE4NodeEEPT_RSI_
FN:47,_ZSt11__addressofIcEPT_RS0_
FN:47,_ZSt11__addressofIPNSt8__detail15_Hash_node_baseEEPT_RS3_
FN:47,_ZSt11__addressofISaISt10_List_nodeISt4pairIKiiEEEEPT_RS6_
FN:47,_ZSt11__addressofISt4pairIKNSt7__cxx1112basic_stringIcSt11char_traitsIcESaIcEEEiEEPT_RS9_
FN:47,_ZSt11__addressofIPN12ReliableHAMTIiihSt4hashIiESt8equal_toIiESaISt4pairIKiiEEE4NodeEEPT_RSC_
FN:47,_ZSt11__addressofISaISt10_List_nodeISt4pairIKNSt7__cxx1112basic_stringIcSt11char_traitsIcESaIcEEEiEEEEPT_RSC_
FN:47,_ZSt11__addressofISt4pairIKiiEEPT_RS3_
FN:47,_ZSt11__addressofIKcEPT_RS1_
FN:47,_ZSt11__addressofINSt8__detail10_Hash_nodeISt4pairIKiiELb0EEEEPT_RS6_
FN:47,_ZSt11__addressofIPN12ReliableHAMTIiijSt4hashIiESt8equal_toIiESaISt4pairIKiiEEE4NodeEEPT_RSC_
FN:47,_ZSt11__addressofIKSt4pairIKiiEEPT_RS4_
FN:73,_ZSt7forwardIRKSt4pairIKiiEEOT_RNSt16remove_referenceIS5_E4typeE
FN:73,_ZSt7forwardIRKPN12ReliableHAMTIiijSt4hashIiESt8equal_toIiESaISt4pairIKiiEEE4NodeEEOT_RNSt16remove_referenceISE_E4typeE
FN:73,_ZSt7forwardIRKPN12ReliableHAMTINSt7__cxx1112basic_stringIcSt11char_traitsIcESaIcEEEijSt4hashIS6_ESt8equal_toIS6_ESaISt4pairIKS6_iEEE4NodeEEOT_RNSt16remove_referenceISK_E4typeE
FN:73,_ZSt7forwardISt4pairIKNSt7__cxx1112basic_stringIcSt11char_traitsIcESaIcEEEiEEOT_RNSt16remove_referenceIS9_E4typeE
FN:73,_ZSt7forwardISt5tupleIJEEEOT_RNSt16remove_referenceIS2_E4typeE
FN:73,_ZSt7forwardIRKiEOT_RNSt16remove_referenceIS2_E4typeE
FN:73,_ZSt7forwardIRiEOT_RNSt16remove_referenceIS1_E4typeE
FN:73,_ZSt7forwardIiEOT_RNSt16remove_referenceIS0_E4typeE
FN:73,_ZSt7forwardIRNSt7__cxx1112basic_stringIcSt11char_traitsIcESaIcEEEEOT_RNSt16remove_referenceIS7_E4typeE
FN:73,_ZSt7forwardIRKSt21piecewise_construct_tEOT_RNSt16remove_referenceIS3_E4typeE
FN:73,_ZSt7forwardIRKPN12ReliableHAMTIiihSt4hashIiESt8equal_toIiESaISt4pairIKiiEEE4NodeEEOT_RNSt16remove_referenceISE_E4typeE
FN:73,_ZSt7forwardISt4pairIKiiEEOT_RNSt16remove_referenceIS3_E4typeE
FN:73,_ZSt7forwardIRSt4pairIKiiEEOT_RNSt16remove_referenceIS4_E4typeE
FN:73,_ZSt7forwardISt5tupleIJRKiEEEOT_RNSt16remove_referenceIS4_E4typeE
FN:73,_ZSt7forwardIPN12ReliableHAMTIiijSt4hashIiESt8equal_toIiESaISt4pairIKiiEEE4NodeEEOT_RNSt16remove_referenceISC_E4typeE
FN:73,_ZSt7forwardIPN12ReliableHAMTINSt7__cxx1112basic_stringIcSt11char_traitsIcESaIcEEEijSt4hashIS6_ESt8equal_toIS6_ESaISt4pairIKS6_iEEE4NodeEEOT_RNSt16remove_referenceISI_E4typeE
FN:73,_ZSt7forwardIPN12ReliableHAMTIiihSt4hashIiESt8equal_toIiESaISt4pairIKiiEEE4NodeEEOT_RNSt16remove_referenceISC_E4typeE
FN:73,_ZSt7forwardINSt7__cxx1112basic_stringIcSt11char_traitsIcESaIcEEEEOT_RNSt16remove_referenceIS6_E4typeE
FN:98,_ZSt4moveIRPN12ReliableHAMTINSt7__cxx1112basic_stringIcSt11char_traitsIcESaIcEEEijSt4hashIS6_ESt8equal_toIS6_ESaISt4pairIKS6_iEEE4NodeEEONSt16remove_referenceIT_E4typeEOSK_
FN:98,_ZSt4moveIRSt4pairIKNSt7__cxx1112basic_stringIcSt11char_traitsIcESaIcEEEiEEONSt16remove_referenceIT_E4typeEOSB_
FN:98,_ZSt4moveIRSaIcEEONSt16remove_referenceIT_E4typeEOS3_
FN:98,_ZSt4moveIRPN12ReliableHAMTIiijSt4hashIiESt8equal_toIiESaISt4pairIKiiEEE4NodeEEONSt16remove_referenceIT_E4typeEOSE_
FN:98,_ZSt4moveIRSt4pairIKiiEEONSt16remove_referenceIT_E4typeEOS5_
FN:98,_ZSt4moveIRPN12ReliableHAMTIiihSt4hashIiESt8equal_toIiESaISt4pairIKiiEEE4NodeEEONSt16remove_referenceIT_E4typeEOSE_
FN:137,_ZSt9addressofIcEPT_RS0_
FN:137,_ZSt9addressofIPNSt8__detail15_Hash_node_baseEEPT_RS3_
FN:137,_ZSt9addressofIPN12ReliableHAMTIiihSt4hashIiESt8equal_toIiESaISt4pairIKiiEEE4NodeEEPT_RSC_
FN:137,_ZSt9addressofIPN12ReliableHAMTIiijSt4hashIiESt8equal_toIiESaISt4pairIKiiEEE4NodeEEPT_RSC_
FN:137,_ZSt9addressofIPN12ReliableHAMTINSt7__cxx1112basic_stringIcSt11char_traitsIcESaIcEEEijSt4hashIS6_ESt8equal_toIS6_ESaISt4pairIKS6_iEEE4NodeEEPT_RSI_
FN:137,_ZSt9addressofINSt8__detail10_Hash_nodeISt4pairIKiiELb0EEEEPT_RS6_
FN:137,_ZSt9addressofIKcEPT_RS1_
FNDA:1101287,_ZSt11__addressofISaISt10_List_nodeISt4pairIKiiEEEEPT_RS6_
FNDA:1,_ZSt11__addressofISaISt10_List_nodeISt4pairIKNSt7__cxx1112basic_stringIcSt11char_traitsIcESaIcEEEiEEEEPT_RSC_
FNDA:999801,_ZSt11__addressofIKSt4pairIKiiEEPT_RS4_
FNDA:999801,_ZSt11__addressofISt4pairIKiiEEPT_RS3_
FNDA:0,_ZSt11__addressofIKSt4pairIKNSt7__cxx1112basic_stringIcSt11char_traitsIcESaIcEEEiEEPT_RSA_
FNDA:0,_ZSt11__addressofISt4pairIKNSt7__cxx1112basic_stringIcSt11char_traitsIcESaIcEEEiEEPT_RS9_
FNDA:0,_ZSt11__addressofIPN12ReliableHAMTINSt7__cxx1112basic_stringIcSt11char_traitsIcESaIcEEEijSt4hashIS6_ESt8equal_toIS6_ESaISt4pairIKS6_iEEE4NodeEEPT_RSI_
FNDA:358,_ZSt11__addressofIPN12ReliableHAMTIiihSt4hashIiESt8equal_toIiESaISt4pairIKiiEEE4NodeEEPT_RSC_
FNDA:886494,_ZSt11__addressofIPN12ReliableHAMTIiijSt4hashIiESt8equal_toIiESaISt4pairIKiiEEE4NodeEEPT_RSC_
FNDA:68,_ZSt11__addressofIPNSt8__detail15_Hash_node_baseEEPT_RS3_
FNDA:30,_ZSt11__addressofIKcEPT_RS1_
FNDA:30,_ZSt11__addressofIcEPT_RS0_
FNDA:2199498,_ZSt11__addressofINSt8__detail10_Hash_nodeISt4pairIKiiELb0EEEEPT_RS6_
FNDA:4405148,_ZSt7forwardISt4pairIKiiEEOT_RNSt16remove_referenceIS3_E4typeE
FNDA:4,_ZSt7forwardISt4pairIKNSt7__cxx1112basic_stringIcSt11char_traitsIcESaIcEEEiEEOT_RNSt16remove_referenceIS9_E4typeE
FNDA:1,_ZSt7forwardINSt7__cxx1112basic_stringIcSt11char_traitsIcESaIcEEEEOT_RNSt16remove_referenceIS6_E4typeE
FNDA:2,_ZSt7forwardIRNSt7__cxx1112basic_stringIcSt11char_traitsIcESaIcEEEEOT_RNSt16remove_referenceIS7_E4typeE
FNDA:2202574,_ZSt7forwardIRiEOT_RNSt16remove_referenceIS1_E4typeE
FNDA:3300786,_ZSt7forwardIRKiEOT_RNSt16remove_referenceIS2_E4typeE
FNDA:3220187,_ZSt7forwardIRKSt4pairIKiiEEOT_RNSt16remove_referenceIS5_E4typeE
FNDA:0,_ZSt7forwardIPN12ReliableHAMTINSt7__cxx1112basic_stringIcSt11char_traitsIcESaIcEEEijSt4hashIS6_ESt8equal_toIS6_ESaISt4pairIKS6_iEEE4NodeEEOT_RNSt16remove_referenceISI_E4typeE
FNDA:537,_ZSt7forwardIPN12ReliableHAMTIiihSt4hashIiESt8equal_toIiESaISt4pairIKiiEEE4NodeEEOT_RNSt16remove_referenceISC_E4typeE
FNDA:1329741,_ZSt7forwardIPN12ReliableHAMTIiijSt4hashIiESt8equal_toIiESaISt4pairIKiiEEE4NodeEEOT_RNSt16remove_referenceISC_E4typeE
FNDA:21,_ZSt7forwardIRKPN12ReliableHAMTINSt7__cxx1112basic_stringIcSt11char_traitsIcESaIcEEEijSt4hashIS6_ESt8equal_toIS6_ESaISt4pairIKS6_iEEE4NodeEEOT_RNSt16remove_referenceISK_E4typeE
FNDA:2421,_ZSt7forwardIRKPN12ReliableHAMTIiihSt4hashIiESt8equal_toIiESaISt4pairIKiiEEE4NodeEEOT_RNSt16remove_referenceISE_E4typeE
FNDA:10937005,_ZSt7forwardIRKPN12ReliableHAMTIiijSt4hashIiESt8equal_toIiESaISt4pairIKiiEEE4NodeEEOT_RNSt16remove_referenceISE_E4typeE
FNDA:798074,_ZSt7forwardIRSt4pairIKiiEEOT_RNSt16remove_referenceIS4_E4typeE
FNDA:3299247,_ZSt7forwardISt5tupleIJEEEOT_RNSt16remove_referenceIS2_E4typeE
FNDA:3299247,_ZSt7forwardISt5tupleIJRKiEEEOT_RNSt16remove_referenceIS4_E4typeE
FNDA:3299247,_ZSt7forwardIRKSt21piecewise_construct_tEOT_RNSt16remove_referenceIS3_E4typeE
FNDA:2202575,_ZSt7forwardIiEOT_RNSt16remove_referenceIS0_E4typeE
FNDA:1101287,_ZSt4moveIRSt4pairIKiiEEONSt16remove_referenceIT_E4typeEOS5_
FNDA:1,_ZSt4moveIRSt4pairIKNSt7__cxx1112basic_stringIcSt11char_traitsIcESaIcEEEiEEONSt16remove_referenceIT_E4typeEOSB_
FNDA:0,_ZSt4moveIRPN12ReliableHAMTINSt7__cxx1112basic_stringIcSt11char_traitsIcESaIcEEEijSt4hashIS6_ESt8equal_toIS6_ESaISt4pairIKS6_iEEE4NodeEEONSt16remove_referenceIT_E4typeEOSK_
FNDA:358,_ZSt4moveIRPN12ReliableHAMTIiihSt4hashIiESt8equal_toIiESaISt4pairIKiiEEE4NodeEEONSt16remove_referenceIT_E4typeEOSE_
FNDA:886494,_ZSt4moveIRPN12ReliableHAMTIiijSt4hashIiESt8equal_toIiESaISt4pairIKiiEEE4NodeEEONSt16remove_referenceIT_E4typeEOSE_
FNDA:21,_ZSt4moveIRSaIcEEONSt16remove_referenceIT_E4typeEOS3_
FNDA:0,_ZSt9addressofIPN12ReliableHAMTINSt7__cxx1112basic_stringIcSt11char_traitsIcESaIcEEEijSt4hashIS6_ESt8equal_toIS6_ESaISt4pairIKS6_iEEE4NodeEEPT_RSI_
FNDA:358,_ZSt9addressofIPN12ReliableHAMTIiihSt4hashIiESt8equal_toIiESaISt4pairIKiiEEE4NodeEEPT_RSC_
FNDA:886494,_ZSt9addressofIPN12ReliableHAMTIiijSt4hashIiESt8equal_toIiESaISt4pairIKiiEEE4NodeEEPT_RSC_
FNDA:34,_ZSt9addressofIPNSt8__detail15_Hash_node_baseEEPT_RS3_
FNDA:1099749,_ZSt9addressofINSt8__detail10_Hash_nodeISt4pairIKiiELb0EEEEPT_RS6_
FNDA:30,_ZSt9addressofIKcEPT_RS1_
FNDA:30,_ZSt9addressofIcEPT_RS0_
FNF:44
FNH:38
DA:47,6187368
DA:48,6187368
DA:73,38296817
DA:74,38296817
DA:98,1988161
DA:99,1988161
DA:137,1986695
DA:138,1986695
LF:8
LH:8
end_of_record
SF:/usr/include/c++/7/bits/ptr_traits.h
FN:141,_ZNSt14pointer_traitsIPPN12ReliableHAMTIiijSt4hashIiESt8equal_toIiESaISt4pairIKiiEEE4NodeEE10pointer_toERSB_
FN:141,_ZNSt14pointer_traitsIPPN12ReliableHAMTINSt7__cxx1112basic_stringIcSt11char_traitsIcESaIcEEEijSt4hashIS6_ESt8equal_toIS6_ESaISt4pairIKS6_iEEE4NodeEE10pointer_toERSH_
FN:141,_ZNSt14pointer_traitsIPKcE10pointer_toERS0_
FN:141,_ZNSt14pointer_traitsIPcE10pointer_toERc
FN:141,_ZNSt14pointer_traitsIPPN12ReliableHAMTIiihSt4hashIiESt8equal_toIiESaISt4pairIKiiEEE4NodeEE10pointer_toERSB_
FN:141,_ZNSt14pointer_traitsIPNSt8__detail10_Hash_nodeISt4pairIKiiELb0EEEE10pointer_toERS5_
FN:141,_ZNSt14pointer_traitsIPPNSt8__detail15_Hash_node_baseEE10pointer_toERS2_
FNDA:0,_ZNSt14pointer_traitsIPPN12ReliableHAMTINSt7__cxx1112basic_stringIcSt11char_traitsIcESaIcEEEijSt4hashIS6_ESt8equal_toIS6_ESaISt4pairIKS6_iEEE4NodeEE10pointer_toERSH_
FNDA:358,_ZNSt14pointer_traitsIPPN12ReliableHAMTIiihSt4hashIiESt8equal_toIiESaISt4pairIKiiEEE4NodeEE10pointer_toERSB_
FNDA:886494,_ZNSt14pointer_traitsIPPN12ReliableHAMTIiijSt4hashIiESt8equal_toIiESaISt4pairIKiiEEE4NodeEE10pointer_toERSB_
FNDA:34,_ZNSt14pointer_traitsIPPNSt8__detail15_Hash_node_baseEE10pointer_toERS2_
FNDA:1099749,_ZNSt14pointer_traitsIPNSt8__detail10_Hash_nodeISt4pairIKiiELb0EEEE10pointer_toERS5_
FNDA:30,_ZNSt14pointer_traitsIPKcE10pointer_toERS0_
FNDA:30,_ZNSt14pointer_traitsIPcE10pointer_toERc
FNF:7
FNH:6
DA:141,1986695
DA:142,1986695
LF:2
LH:2
end_of_record
SF:/usr/include/c++/7/bits/stl_algobase.h
FN:219,_ZSt3maxImERKT_S2_S2_
FN:277,_ZSt12__niter_baseIPPN12ReliableHAMTINSt7__cxx1112basic_stringIcSt11char_traitsIcESaIcEEEijSt4hashIS6_ESt8equal_toIS6_ESaISt4pairIKS6_iEEE4NodeEET_SJ_
FN:277,_ZSt12__niter_baseIPPN12ReliableHAMTIiijSt4hashIiESt8equal_toIiESaISt4pairIKiiEEE4NodeEET_SD_
FN:277,_ZSt12__niter_baseIPPN12ReliableHAMTIiihSt4hashIiESt8equal_toIiESaISt4pairIKiiEEE4NodeEET_SD_
FN:357,_ZNSt11__copy_moveILb1ELb1ESt26random_access_iterator_tagE8__copy_mIPN12ReliableHAMTIiijSt4hashIiESt8equal_toIiESaISt4pairIKiiEEE4NodeEEEPT_PKSF_SI_SG_
FN:357,_ZNSt11__copy_moveILb1ELb1ESt26random_access_iterator_tagE8__copy_mIPN12ReliableHAMTIiihSt4hashIiESt8equal_toIiESaISt4pairIKiiEEE4NodeEEEPT_PKSF_SI_SG_
FN:357,_ZNSt11__copy_moveILb1ELb1ESt26random_access_iterator_tagE8__copy_mIPN12ReliableHAMTINSt7__cxx1112basic_stringIcSt11char_traitsIcESaIcEEEijSt4hashIS9_ESt8equal_toIS9_ESaISt4pairIKS9_iEEE4NodeEEEPT_PKSL_SO_SM_
FN:375,_ZSt13__copy_move_aILb1EPPN12ReliableHAMTIiijSt4hashIiESt8equal_toIiESaISt4pairIKiiEEE4NodeESC_ET1_T0_SE_SD_
FN:375,_ZSt13__copy_move_aILb1EPPN12ReliableHAMTIiihSt4hashIiESt8equal_toIiESaISt4pairIKiiEEE4NodeESC_ET1_T0_SE_SD_
FN:375,_ZSt13__copy_move_aILb1EPPN12ReliableHAMTINSt7__cxx1112basic_stringIcSt11char_traitsIcESaIcEEEijSt4hashIS6_ESt8equal_toIS6_ESaISt4pairIKS6_iEEE4NodeESI_ET1_T0_SK_SJ_
FN:420,_ZSt14__copy_move_a2ILb1EPPN12ReliableHAMTIiijSt4hashIiESt8equal_toIiESaISt4pairIKiiEEE4NodeESC_ET1_T0_SE_SD_
FN:420,_ZSt14__copy_move_a2ILb1EPPN12ReliableHAMTIiihSt4hashIiESt8equal_toIiESaISt4pairIKiiEEE4NodeESC_ET1_T0_SE_SD_
FN:420,_ZSt14__copy_move_a2ILb1EN9__gnu_cxx17__normal_iteratorIPPN12ReliableHAMTIiihSt4hashIiESt8equal_toIiESaISt4pairIKiiEEE4NodeESt6vectorISD_SaISD_EEEESI_ET1_T0_SK_SJ_
FN:420,_ZSt14__copy_move_a2ILb1EN9__gnu_cxx17__normal_iteratorIPPN12ReliableHAMTIiijSt4hashIiESt8equal_toIiESaISt4pairIKiiEEE4NodeESt6vectorISD_SaISD_EEEESI_ET1_T0_SK_SJ_
FN:420,_ZSt14__copy_move_a2ILb1EPPN12ReliableHAMTINSt7__cxx1112basic_stringIcSt11char_traitsIcESaIcEEEijSt4hashIS6_ESt8equal_toIS6_ESaISt4pairIKS6_iEEE4NodeESI_ET1_T0_SK_SJ_
FN:420,_ZSt14__copy_move_a2ILb1EN9__gnu_cxx17__normal_iteratorIPPN12ReliableHAMTINSt7__cxx1112basic_stringIcSt11char_traitsIcESaIcEEEijSt4hashIS8_ESt8equal_toIS8_ESaISt4pairIKS8_iEEE4NodeESt6vectorISJ_SaISJ_EEEESO_ET1_T0_SQ_SP_
FN:446,_ZSt4copyISt13move_iteratorIPPN12ReliableHAMTIiijSt4hashIiESt8equal_toIiESaISt4pairIKiiEEE4NodeEESD_ET0_T_SG_SF_
FN:446,_ZSt4copyISt13move_iteratorIPPN12ReliableHAMTIiihSt4hashIiESt8equal_toIiESaISt4pairIKiiEEE4NodeEESD_ET0_T_SG_SF_
FN:446,_ZSt4copyISt13move_iteratorIPPN12ReliableHAMTINSt7__cxx1112basic_stringIcSt11char_traitsIcESaIcEEEijSt4hashIS7_ESt8equal_toIS7_ESaISt4pairIKS7_iEEE4NodeEESJ_ET0_T_SM_SL_
FN:479,_ZSt4moveIN9__gnu_cxx17__normal_iteratorIPPN12ReliableHAMTINSt7__cxx1112basic_stringIcSt11char_traitsIcESaIcEEEijSt4hashIS8_ESt8equal_toIS8_ESaISt4pairIKS8_iEEE4NodeESt6vectorISJ_SaISJ_EEEESO_ET0_T_SQ_SP_
FN:479,_ZSt4moveIN9__gnu_cxx17__normal_iteratorIPPN12ReliableHAMTIiihSt4hashIiESt8equal_toIiESaISt4pairIKiiEEE4NodeESt6vectorISD_SaISD_EEEESI_ET0_T_SK_SJ_
FN:479,_ZSt4moveIN9__gnu_cxx17__normal_iteratorIPPN12ReliableHAMTIiijSt4hashIiESt8equal_toIiESaISt4pairIKiiEEE4NodeESt6vectorISD_SaISD_EEEESI_ET0_T_SK_SJ_
FN:559,_ZNSt20__copy_move_backwardILb1ELb1ESt26random_access_iterator_tagE13__copy_move_bIPN12ReliableHAMTINSt7__cxx1112basic_stringIcSt11char_traitsIcESaIcEEEijSt4hashIS9_ESt8equal_toIS9_ESaISt4pairIKS9_iEEE4NodeEEEPT_PKSL_SO_SM_
FN:559,_ZNSt20__copy_move_backwardILb1ELb1ESt26random_access_iterator_tagE13__copy_move_bIPN12ReliableHAMTIiijSt4hashIiESt8equal_toIiESaISt4pairIKiiEEE4NodeEEEPT_PKSF_SI_SG_
FN:559,_ZNSt20__copy_move_backwardILb1ELb1ESt26random_access_iterator_tagE13__copy_move_bIPN12ReliableHAMTIiihSt4hashIiESt8equal_toIiESaISt4pairIKiiEEE4NodeEEEPT_PKSF_SI_SG_
FN:577,_ZSt22__copy_move_backward_aILb1EPPN12ReliableHAMTIiijSt4hashIiESt8equal_toIiESaISt4pairIKiiEEE4NodeESC_ET1_T0_SE_SD_
FN:577,_ZSt22__copy_move_backward_aILb1EPPN12ReliableHAMTINSt7__cxx1112basic_stringIcSt11char_traitsIcESaIcEEEijSt4hashIS6_ESt8equal_toIS6_ESaISt4pairIKS6_iEEE4NodeESI_ET1_T0_SK_SJ_
FN:577,_ZSt22__copy_move_backward_aILb1EPPN12ReliableHAMTIiihSt4hashIiESt8equal_toIiESaISt4pairIKiiEEE4NodeESC_ET1_T0_SE_SD_
FN:595,_ZSt23__copy_move_backward_a2ILb1EPPN12ReliableHAMTINSt7__cxx1112basic_stringIcSt11char_traitsIcESaIcEEEijSt4hashIS6_ESt8equal_toIS6_ESaISt4pairIKS6_iEEE4NodeESI_ET1_T0_SK_SJ_
FN:595,_ZSt23__copy_move_backward_a2ILb1EPPN12ReliableHAMTIiihSt4hashIiESt8equal_toIiESaISt4pairIKiiEEE4NodeESC_ET1_T0_SE_SD_
FN:595,_ZSt23__copy_move_backward_a2ILb1EPPN12ReliableHAMTIiijSt4hashIiESt8equal_toIiESaISt4pairIKiiEEE4NodeESC_ET1_T0_SE_SD_
FN:658,_ZSt13move_backwardIPPN12ReliableHAMTIiihSt4hashIiESt8equal_toIiESaISt4pairIKiiEEE4NodeESC_ET0_T_SE_SD_
FN:658,_ZSt13move_backwardIPPN12ReliableHAMTINSt7__cxx1112basic_stringIcSt11char_traitsIcESaIcEEEijSt4hashIS6_ESt8equal_toIS6_ESaISt4pairIKS6_iEEE4NodeESI_ET0_T_SK_SJ_
FN:658,_ZSt13move_backwardIPPN12ReliableHAMTIiijSt4hashIiESt8equal_toIiESaISt4pairIKiiEEE4NodeESC_ET0_T_SE_SD_
FNDA:3168681,_ZSt3maxImERKT_S2_S2_
FNDA:42,_ZSt12__niter_baseIPPN12ReliableHAMTINSt7__cxx1112basic_stringIcSt11char_traitsIcESaIcEEEijSt4hashIS6_ESt8equal_toIS6_ESaISt4pairIKS6_iEEE4NodeEET_SJ_
FNDA:2973,_ZSt12__niter_baseIPPN12ReliableHAMTIiihSt4hashIiESt8equal_toIiESaISt4pairIKiiEEE4NodeEET_SD_
FNDA:20339349,_ZSt12__niter_baseIPPN12ReliableHAMTIiijSt4hashIiESt8equal_toIiESaISt4pairIKiiEEE4NodeEET_SD_
FNDA:14,_ZNSt11__copy_moveILb1ELb1ESt26random_access_iterator_tagE8__copy_mIPN12ReliableHAMTINSt7__cxx1112basic_stringIcSt11char_traitsIcESaIcEEEijSt4hashIS9_ESt8equal_toIS9_ESaISt4pairIKS9_iEEE4NodeEEEPT_PKSL_SO_SM_
FNDA:862,_ZNSt11__copy_moveILb1ELb1ESt26random_access_iterator_tagE8__copy_mIPN12ReliableHAMTIiihSt4hashIiESt8equal_toIiESaISt4pairIKiiEEE4NodeEEEPT_PKSF_SI_SG_
FNDA:7087413,_ZNSt11__copy_moveILb1ELb1ESt26random_access_iterator_tagE8__copy_mIPN12ReliableHAMTIiijSt4hashIiESt8equal_toIiESaISt4pairIKiiEEE4NodeEEEPT_PKSF_SI_SG_
FNDA:14,_ZSt13__copy_move_aILb1EPPN12ReliableHAMTINSt7__cxx1112basic_stringIcSt11char_traitsIcESaIcEEEijSt4hashIS6_ESt8equal_toIS6_ESaISt4pairIKS6_iEEE4NodeESI_ET1_T0_SK_SJ_
FNDA:862,_ZSt13__copy_move_aILb1EPPN12ReliableHAMTIiihSt4hashIiESt8equal_toIiESaISt4pairIKiiEEE4NodeESC_ET1_T0_SE_SD_
FNDA:7087413,_ZSt13__copy_move_aILb1EPPN12ReliableHAMTIiijSt4hashIiESt8equal_toIiESaISt4pairIKiiEEE4NodeESC_ET1_T0_SE_SD_
FNDA:0,_ZSt14__copy_move_a2ILb1EN9__gnu_cxx17__normal_iteratorIPPN12ReliableHAMTINSt7__cxx1112basic_stringIcSt11char_traitsIcESaIcEEEijSt4hashIS8_ESt8equal_toIS8_ESaISt4pairIKS8_iEEE4NodeESt6vectorISJ_SaISJ_EEEESO_ET1_T0_SQ_SP_
FNDA:14,_ZSt14__copy_move_a2ILb1EPPN12ReliableHAMTINSt7__cxx1112basic_stringIcSt11char_traitsIcESaIcEEEijSt4hashIS6_ESt8equal_toIS6_ESaISt4pairIKS6_iEEE4NodeESI_ET1_T0_SK_SJ_
FNDA:812,_ZSt14__copy_move_a2ILb1EPPN12ReliableHAMTIiihSt4hashIiESt8equal_toIiESaISt4pairIKiiEEE4NodeESC_ET1_T0_SE_SD_
FNDA:6336536,_ZSt14__copy_move_a2ILb1EPPN12ReliableHAMTIiijSt4hashIiESt8equal_toIiESaISt4pairIKiiEEE4NodeESC_ET1_T0_SE_SD_
FNDA:50,_ZSt14__copy_move_a2ILb1EN9__gnu_cxx17__normal_iteratorIPPN12ReliableHAMTIiihSt4hashIiESt8equal_toIiESaISt4pairIKiiEEE4NodeESt6vectorISD_SaISD_EEEESI_ET1_T0_SK_SJ_
FNDA:750877,_ZSt14__copy_move_a2ILb1EN9__gnu_cxx17__normal_iteratorIPPN12ReliableHAMTIiijSt4hashIiESt8equal_toIiESaISt4pairIKiiEEE4NodeESt6vectorISD_SaISD_EEEESI_ET1_T0_SK_SJ_
FNDA:14,_ZSt4copyISt13move_iteratorIPPN12ReliableHAMTINSt7__cxx1112basic_stringIcSt11char_traitsIcESaIcEEEijSt4hashIS7_ESt8equal_toIS7_ESaISt4pairIKS7_iEEE4NodeEESJ_ET0_T_SM_SL_
FNDA:812,_ZSt4copyISt13move_iteratorIPPN12ReliableHAMTIiihSt4hashIiESt8equal_toIiESaISt4pairIKiiEEE4NodeEESD_ET0_T_SG_SF_
FNDA:6336536,_ZSt4copyISt13move_iteratorIPPN12ReliableHAMTIiijSt4hashIiESt8equal_toIiESaISt4pairIKiiEEE4NodeEESD_ET0_T_SG_SF_
FNDA:0,_ZSt4moveIN9__gnu_cxx17__normal_iteratorIPPN12ReliableHAMTINSt7__cxx1112basic_stringIcSt11char_traitsIcESaIcEEEijSt4hashIS8_ESt8equal_toIS8_ESaISt4pairIKS8_iEEE4NodeESt6vectorISJ_SaISJ_EEEESO_ET0_T_SQ_SP_
FNDA:50,_ZSt4moveIN9__gnu_cxx17__normal_iteratorIPPN12ReliableHAMTIiihSt4hashIiESt8equal_toIiESaISt4pairIKiiEEE4NodeESt6vectorISD_SaISD_EEEESI_ET0_T_SK_SJ_
FNDA:750877,_ZSt4moveIN9__gnu_cxx17__normal_iteratorIPPN12ReliableHAMTIiijSt4hashIiESt8equal_toIiESaISt4pairIKiiEEE4NodeESt6vectorISD_SaISD_EEEESI_ET0_T_SK_SJ_
FNDA:0,_ZNSt20__copy_move_backwardILb1ELb1ESt26random_access_iterator_tagE13__copy_move_bIPN12ReliableHAMTINSt7__cxx1112basic_stringIcSt11char_traitsIcESaIcEEEijSt4hashIS9_ESt8equal_toIS9_ESaISt4pairIKS9_iEEE4NodeEEEPT_PKSL_SO_SM_
FNDA:179,_ZNSt20__copy_move_backwardILb1ELb1ESt26random_access_iterator_tagE13__copy_move_bIPN12ReliableHAMTIiihSt4hashIiESt8equal_toIiESaISt4pairIKiiEEE4NodeEEEPT_PKSF_SI_SG_
FNDA:443247,_ZNSt20__copy_move_backwardILb1ELb1ESt26random_access_iterator_tagE13__copy_move_bIPN12ReliableHAMTIiijSt4hashIiESt8equal_toIiESaISt4pairIKiiEEE4NodeEEEPT_PKSF_SI_SG_
FNDA:0,_ZSt22__copy_move_backward_aILb1EPPN12ReliableHAMTINSt7__cxx1112basic_stringIcSt11char_traitsIcESaIcEEEijSt4hashIS6_ESt8equal_toIS6_ESaISt4pairIKS6_iEEE4NodeESI_ET1_T0_SK_SJ_
FNDA:179,_ZSt22__copy_move_backward_aILb1EPPN12ReliableHAMTIiihSt4hashIiESt8equal_toIiESaISt4pairIKiiEEE4NodeESC_ET1_T0_SE_SD_
FNDA:443247,_ZSt22__copy_move_backward_aILb1EPPN12ReliableHAMTIiijSt4hashIiESt8equal_toIiESaISt4pairIKiiEEE4NodeESC_ET1_T0_SE_SD_
FNDA:0,_ZSt23__copy_move_backward_a2ILb1EPPN12ReliableHAMTINSt7__cxx1112basic_stringIcSt11char_traitsIcESaIcEEEijSt4hashIS6_ESt8equal_toIS6_ESaISt4pairIKS6_iEEE4NodeESI_ET1_T0_SK_SJ_
FNDA:179,_ZSt23__copy_move_backward_a2ILb1EPPN12ReliableHAMTIiihSt4hashIiESt8equal_toIiESaISt4pairIKiiEEE4NodeESC_ET1_T0_SE_SD_
FNDA:443247,_ZSt23__copy_move_backward_a2ILb1EPPN12ReliableHAMTIiijSt4hashIiESt8equal_toIiESaISt4pairIKiiEEE4NodeESC_ET1_T0_SE_SD_
FNDA:0,_ZSt13move_backwardIPPN12ReliableHAMTINSt7__cxx1112basic_stringIcSt11char_traitsIcESaIcEEEijSt4hashIS6_ESt8equal_toIS6_ESaISt4pairIKS6_iEEE4NodeESI_ET0_T_SK_SJ_
FNDA:179,_ZSt13move_backwardIPPN12ReliableHAMTIiihSt4hashIiESt8equal_toIiESaISt4pairIKiiEEE4NodeESC_ET0_T_SE_SD_
FNDA:443247,_ZSt13move_backwardIPPN12ReliableHAMTIiijSt4hashIiESt8equal_toIiESaISt4pairIKiiEEE4NodeESC_ET0_T_SE_SD_
FNF:34
FNH:28
DA:219,3168681
DA:224,3168681
DA:225,2663105
DA:226,505576
DA:277,20342364
DA:278,20342364
DA:357,7088289
DA:366,7088289
DA:367,7088289
DA:368,1365673
DA:369,7088289
DA:375,7088289
DA:380,7088289
DA:386,7088289
DA:420,7088289
DA:422,7839216
DA:424,7839216
DA:446,6337362
DA:455,6337362
DA:456,6337362
DA:479,750927
DA:487,750927
DA:488,750927
DA:559,443426
DA:568,443426
DA:569,443426
DA:570,392962
DA:571,443426
DA:577,443426
DA:582,443426
DA:590,443426
DA:595,443426
DA:598,443426
DA:599,443426
DA:658,443426
DA:668,443426
DA:670,443426
LF:37
LH:37
end_of_record
SF:/usr/include/c++/7/bits/stl_construct.h
FN:117,_ZNSt12_Destroy_auxILb1EE9__destroyIPPN12ReliableHAMTINSt7__cxx1112basic_stringIcSt11char_traitsIcESaIcEEEijSt4hashIS8_ESt8equal_toIS8_ESaISt4pairIKS8_iEEE4NodeEEEvT_SL_
FN:117,_ZNSt12_Destroy_auxILb1EE9__destroyIPPN12ReliableHAMTIiijSt4hashIiESt8equal_toIiESaISt4pairIKiiEEE4NodeEEEvT_SF_
FN:117,_ZNSt12_Destroy_auxILb1EE9__destroyIPPN12ReliableHAMTIiihSt4hashIiESt8equal_toIiESaISt4pairIKiiEEE4NodeEEEvT_SF_
FN:127,_ZSt8_DestroyIPPN12ReliableHAMTIiihSt4hashIiESt8equal_toIiESaISt4pairIKiiEEE4NodeEEvT_SD_
FN:127,_ZSt8_DestroyIPPN12ReliableHAMTIiijSt4hashIiESt8equal_toIiESaISt4pairIKiiEEE4NodeEEvT_SD_
FN:127,_ZSt8_DestroyIPPN12ReliableHAMTINSt7__cxx1112basic_stringIcSt11char_traitsIcESaIcEEEijSt4hashIS6_ESt8equal_toIS6_ESaISt4pairIKS6_iEEE4NodeEEvT_SJ_
FN:203,_ZSt8_DestroyIPPN12ReliableHAMTIiijSt4hashIiESt8equal_toIiESaISt4pairIKiiEEE4NodeESB_EvT_SD_RSaIT0_E
FN:203,_ZSt8_DestroyIPPN12ReliableHAMTINSt7__cxx1112basic_stringIcSt11char_traitsIcESaIcEEEijSt4hashIS6_ESt8equal_toIS6_ESaISt4pairIKS6_iEEE4NodeESH_EvT_SJ_RSaIT0_E
FN:203,_ZSt8_DestroyIPPN12ReliableHAMTIiihSt4hashIiESt8equal_toIiESaISt4pairIKiiEEE4NodeESB_EvT_SD_RSaIT0_E
FNDA:14,_ZNSt12_Destroy_auxILb1EE9__destroyIPPN12ReliableHAMTINSt7__cxx1112basic_stringIcSt11char_traitsIcESaIcEEEijSt4hashIS8_ESt8equal_toIS8_ESaISt4pairIKS8_iEEE4NodeEEEvT_SL_
FNDA:509,_ZNSt12_Destroy_auxILb1EE9__destroyIPPN12ReliableHAMTIiihSt4hashIiESt8equal_toIiESaISt4pairIKiiEEE4NodeEEEvT_SF_
FNDA:5831263,_ZNSt12_Destroy_auxILb1EE9__destroyIPPN12ReliableHAMTIiijSt4hashIiESt8equal_toIiESaISt4pairIKiiEEE4NodeEEEvT_SF_
FNDA:14,_ZSt8_DestroyIPPN12ReliableHAMTINSt7__cxx1112basic_stringIcSt11char_traitsIcESaIcEEEijSt4hashIS6_ESt8equal_toIS6_ESaISt4pairIKS6_iEEE4NodeEEvT_SJ_
FNDA:509,_ZSt8_DestroyIPPN12ReliableHAMTIiihSt4hashIiESt8equal_toIiESaISt4pairIKiiEEE4NodeEEvT_SD_
FNDA:5831263,_ZSt8_DestroyIPPN12ReliableHAMTIiijSt4hashIiESt8equal_toIiESaISt4pairIKiiEEE4NodeEEvT_SD_
FNDA:14,_ZSt8_DestroyIPPN12ReliableHAMTINSt7__cxx1112basic_stringIcSt11char_traitsIcESaIcEEEijSt4hashIS6_ESt8equal_toIS6_ESaISt4pairIKS6_iEEE4NodeESH_EvT_SJ_RSaIT0_E
FNDA:509,_ZSt8_DestroyIPPN12ReliableHAMTIiihSt4hashIiESt8equal_toIiESaISt4pairIKiiEEE4NodeESB_EvT_SD_RSaIT0_E
FNDA:5831263,_ZSt8_DestroyIPPN12ReliableHAMTIiijSt4hashIiESt8equal_toIiESaISt4pairIKiiEEE4NodeESB_EvT_SD_RSaIT0_E
FNF:9
FNH:9
DA:117,5831786
DA:127,5831786
DA:137,5831786
DA:138,5831786
DA:203,5831786
DA:206,5831786
DA:207,5831786
LF:7
LH:7
end_of_record
SF:/usr/include/c++/7/bits/stl_function.h
FN:355,_ZNKSt8equal_toINSt7__cxx1112basic_stringIcSt11char_traitsIcESaIcEEEEclERKS5_S8_
FN:355,_ZNKSt8equal_toIiEclERKiS2_
FNDA:1,_ZNKSt8equal_toINSt7__cxx1112basic_stringIcSt11char_traitsIcESaIcEEEEclERKS5_S8_
FNDA:41961219,_ZNKSt8equal_toIiEclERKiS2_
FNF:2
FNH:2
DA:355,41961220
DA:356,41961220
LF:2
LH:2
end_of_record
SF:/usr/include/c++/7/bits/stl_iterator.h
FN:782,_ZN9__gnu_cxx17__normal_iteratorIPKPN12ReliableHAMTIiijSt4hashIiESt8equal_toIiESaISt4pairIKiiEEE4NodeESt6vectorISC_SaISC_EEEC2ERKSE_
FN:782,_ZN9__gnu_cxx17__normal_iteratorIPPN12ReliableHAMTINSt7__cxx1112basic_stringIcSt11char_traitsIcESaIcEEEijSt4hashIS7_ESt8equal_toIS7_ESaISt4pairIKS7_iEEE4NodeESt6vectorISI_SaISI_EEEC2ERKSJ_
FN:782,_ZN9__gnu_cxx17__normal_iteratorIPPN12ReliableHAMTIiihSt4hashIiESt8equal_toIiESaISt4pairIKiiEEE4NodeESt6vectorISC_SaISC_EEEC2ERKSD_
FN:782,_ZN9__gnu_cxx17__normal_iteratorIPKPN12ReliableHAMTIiihSt4hashIiESt8equal_toIiESaISt4pairIKiiEEE4NodeESt6vectorISC_SaISC_EEEC2ERKSE_
FN:782,_ZN9__gnu_cxx17__normal_iteratorIPKPN12ReliableHAMTINSt7__cxx1112basic_stringIcSt11char_traitsIcESaIcEEEijSt4hashIS7_ESt8equal_toIS7_ESaISt4pairIKS7_iEEE4NodeESt6vectorISI_SaISI_EEEC2ERKSK_
FN:782,_ZN9__gnu_cxx17__normal_iteratorIPPN12ReliableHAMTIiijSt4hashIiESt8equal_toIiESaISt4pairIKiiEEE4NodeESt6vectorISC_SaISC_EEEC2ERKSD_
FN:787,_ZN9__gnu_cxx17__normal_iteratorIPKPN12ReliableHAMTIiihSt4hashIiESt8equal_toIiESaISt4pairIKiiEEE4NodeESt6vectorISC_SaISC_EEEC2IPSC_EERKNS0_IT_NS_11__enable_ifIXsrSt10__are_sameISL_SK_E7__valueESH_E6__typeEEE
FN:787,_ZN9__gnu_cxx17__normal_iteratorIPKPN12ReliableHAMTIiijSt4hashIiESt8equal_toIiESaISt4pairIKiiEEE4NodeESt6vectorISC_SaISC_EEEC2IPSC_EERKNS0_IT_NS_11__enable_ifIXsrSt10__are_sameISL_SK_E7__valueESH_E6__typeEEE
FN:787,_ZN9__gnu_cxx17__normal_iteratorIPKPN12ReliableHAMTINSt7__cxx1112basic_stringIcSt11char_traitsIcESaIcEEEijSt4hashIS7_ESt8equal_toIS7_ESaISt4pairIKS7_iEEE4NodeESt6vectorISI_SaISI_EEEC2IPSI_EERKNS0_IT_NS_11__enable_ifIXsrSt10__are_sameISR_SQ_E7__valueESN_E6__typeEEE
FN:795,_ZNK9__gnu_cxx17__normal_iteratorIPPN12ReliableHAMTIiihSt4hashIiESt8equal_toIiESaISt4pairIKiiEEE4NodeESt6vectorISC_SaISC_EEEdeEv
FN:795,_ZNK9__gnu_cxx17__normal_iteratorIPPN12ReliableHAMTINSt7__cxx1112basic_stringIcSt11char_traitsIcESaIcEEEijSt4hashIS7_ESt8equal_toIS7_ESaISt4pairIKS7_iEEE4NodeESt6vectorISI_SaISI_EEEdeEv
FN:795,_ZNK9__gnu_cxx17__normal_iteratorIPPN12ReliableHAMTIiijSt4hashIiESt8equal_toIiESaISt4pairIKiiEEE4NodeESt6vectorISC_SaISC_EEEdeEv
FN:803,_ZN9__gnu_cxx17__normal_iteratorIPPN12ReliableHAMTIiijSt4hashIiESt8equal_toIiESaISt4pairIKiiEEE4NodeESt6vectorISC_SaISC_EEEppEv
FN:803,_ZN9__gnu_cxx17__normal_iteratorIPPN12ReliableHAMTINSt7__cxx1112basic_stringIcSt11char_traitsIcESaIcEEEijSt4hashIS7_ESt8equal_toIS7_ESaISt4pairIKS7_iEEE4NodeESt6vectorISI_SaISI_EEEppEv
FN:803,_ZN9__gnu_cxx17__normal_iteratorIPPN12ReliableHAMTIiihSt4hashIiESt8equal_toIiESaISt4pairIKiiEEE4NodeESt6vectorISC_SaISC_EEEppEv
FN:835,_ZNK9__gnu_cxx17__normal_iteratorIPPN12ReliableHAMTIiijSt4hashIiESt8equal_toIiESaISt4pairIKiiEEE4NodeESt6vectorISC_SaISC_EEEplEl
FN:835,_ZNK9__gnu_cxx17__normal_iteratorIPPN12ReliableHAMTIiihSt4hashIiESt8equal_toIiESaISt4pairIKiiEEE4NodeESt6vectorISC_SaISC_EEEplEl
FN:835,_ZNK9__gnu_cxx17__normal_iteratorIPPN12ReliableHAMTINSt7__cxx1112basic_stringIcSt11char_traitsIcESaIcEEEijSt4hashIS7_ESt8equal_toIS7_ESaISt4pairIKS7_iEEE4NodeESt6vectorISI_SaISI_EEEplEl
FN:847,_ZNK9__gnu_cxx17__normal_iteratorIPKPN12ReliableHAMTIiihSt4hashIiESt8equal_toIiESaISt4pairIKiiEEE4NodeESt6vectorISC_SaISC_EEE4baseEv
FN:847,_ZNK9__gnu_cxx17__normal_iteratorIPPN12ReliableHAMTIiijSt4hashIiESt8equal_toIiESaISt4pairIKiiEEE4NodeESt6vectorISC_SaISC_EEE4baseEv
FN:847,_ZNK9__gnu_cxx17__normal_iteratorIPPN12ReliableHAMTINSt7__cxx1112basic_stringIcSt11char_traitsIcESaIcEEEijSt4hashIS7_ESt8equal_toIS7_ESaISt4pairIKS7_iEEE4NodeESt6vectorISI_SaISI_EEE4baseEv
FN:847,_ZNK9__gnu_cxx17__normal_iteratorIPPN12ReliableHAMTIiihSt4hashIiESt8equal_toIiESaISt4pairIKiiEEE4NodeESt6vectorISC_SaISC_EEE4baseEv
FN:847,_ZNK9__gnu_cxx17__normal_iteratorIPKPN12ReliableHAMTIiijSt4hashIiESt8equal_toIiESaISt4pairIKiiEEE4NodeESt6vectorISC_SaISC_EEE4baseEv
FN:847,_ZNK9__gnu_cxx17__normal_iteratorIPKPN12ReliableHAMTINSt7__cxx1112basic_stringIcSt11char_traitsIcESaIcEEEijSt4hashIS7_ESt8equal_toIS7_ESaISt4pairIKS7_iEEE4NodeESt6vectorISI_SaISI_EEE4baseEv
FN:862,_ZN9__gnu_cxxeqIPKPN12ReliableHAMTINSt7__cxx1112basic_stringIcSt11char_traitsIcESaIcEEEijSt4hashIS7_ESt8equal_toIS7_ESaISt4pairIKS7_iEEE4NodeEPSI_St6vectorISI_SaISI_EEEEbRKNS_17__normal_iteratorIT_T1_EERKNSP_IT0_SR_EE
FN:862,_ZN9__gnu_cxxeqIPKPN12ReliableHAMTIiihSt4hashIiESt8equal_toIiESaISt4pairIKiiEEE4NodeEPSC_St6vectorISC_SaISC_EEEEbRKNS_17__normal_iteratorIT_T1_EERKNSJ_IT0_SL_EE
FN:862,_ZN9__gnu_cxxeqIPKPN12ReliableHAMTIiijSt4hashIiESt8equal_toIiESaISt4pairIKiiEEE4NodeEPSC_St6vectorISC_SaISC_EEEEbRKNS_17__normal_iteratorIT_T1_EERKNSJ_IT0_SL_EE
FN:883,_ZN9__gnu_cxxneIPPN12ReliableHAMTINSt7__cxx1112basic_stringIcSt11char_traitsIcESaIcEEEijSt4hashIS7_ESt8equal_toIS7_ESaISt4pairIKS7_iEEE4NodeESt6vectorISI_SaISI_EEEEbRKNS_17__normal_iteratorIT_T0_EESS_
FN:883,_ZN9__gnu_cxxneIPPN12ReliableHAMTIiijSt4hashIiESt8equal_toIiESaISt4pairIKiiEEE4NodeESt6vectorISC_SaISC_EEEEbRKNS_17__normal_iteratorIT_T0_EESM_
FN:883,_ZN9__gnu_cxxneIPPN12ReliableHAMTIiihSt4hashIiESt8equal_toIiESaISt4pairIKiiEEE4NodeESt6vectorISC_SaISC_EEEEbRKNS_17__normal_iteratorIT_T0_EESM_
FN:953,_ZN9__gnu_cxxmiIPKPN12ReliableHAMTINSt7__cxx1112basic_stringIcSt11char_traitsIcESaIcEEEijSt4hashIS7_ESt8equal_toIS7_ESaISt4pairIKS7_iEEE4NodeEPSI_St6vectorISI_SaISI_EEEEDTmicldtfp_4baseEcldtfp0_4baseEERKNS_17__normal_iteratorIT_T1_EERKNSQ_IT0_SS_EE
FN:953,_ZN9__gnu_cxxmiIPKPN12ReliableHAMTIiijSt4hashIiESt8equal_toIiESaISt4pairIKiiEEE4NodeEPSC_St6vectorISC_SaISC_EEEEDTmicldtfp_4baseEcldtfp0_4baseEERKNS_17__normal_iteratorIT_T1_EERKNSK_IT0_SM_EE
FN:953,_ZN9__gnu_cxxmiIPKPN12ReliableHAMTIiihSt4hashIiESt8equal_toIiESaISt4pairIKiiEEE4NodeEPSC_St6vectorISC_SaISC_EEEEDTmicldtfp_4baseEcldtfp0_4baseEERKNS_17__normal_iteratorIT_T1_EERKNSK_IT0_SM_EE
FN:965,_ZN9__gnu_cxxmiIPKPN12ReliableHAMTINSt7__cxx1112basic_stringIcSt11char_traitsIcESaIcEEEijSt4hashIS7_ESt8equal_toIS7_ESaISt4pairIKS7_iEEE4NodeESt6vectorISI_SaISI_EEEENS_17__normal_iteratorIT_T0_E15difference_typeERKSR_SU_
FN:965,_ZN9__gnu_cxxmiIPKPN12ReliableHAMTIiijSt4hashIiESt8equal_toIiESaISt4pairIKiiEEE4NodeESt6vectorISC_SaISC_EEEENS_17__normal_iteratorIT_T0_E15difference_typeERKSL_SO_
FN:965,_ZN9__gnu_cxxmiIPPN12ReliableHAMTIiijSt4hashIiESt8equal_toIiESaISt4pairIKiiEEE4NodeESt6vectorISC_SaISC_EEEENS_17__normal_iteratorIT_T0_E15difference_typeERKSK_SN_
FN:965,_ZN9__gnu_cxxmiIPPN12ReliableHAMTIiihSt4hashIiESt8equal_toIiESaISt4pairIKiiEEE4NodeESt6vectorISC_SaISC_EEEENS_17__normal_iteratorIT_T0_E15difference_typeERKSK_SN_
FN:965,_ZN9__gnu_cxxmiIPPN12ReliableHAMTINSt7__cxx1112basic_stringIcSt11char_traitsIcESaIcEEEijSt4hashIS7_ESt8equal_toIS7_ESaISt4pairIKS7_iEEE4NodeESt6vectorISI_SaISI_EEEENS_17__normal_iteratorIT_T0_E15difference_typeERKSQ_ST_
FN:965,_ZN9__gnu_cxxmiIPKPN12ReliableHAMTIiihSt4hashIiESt8equal_toIiESaISt4pairIKiiEEE4NodeESt6vectorISC_SaISC_EEEENS_17__normal_iteratorIT_T0_E15difference_typeERKSL_SO_
FN:986,_ZSt12__niter_baseIPPN12ReliableHAMTIiijSt4hashIiESt8equal_toIiESaISt4pairIKiiEEE4NodeESt6vectorISB_SaISB_EEET_N9__gnu_cxx17__normal_iteratorISG_T0_EE
FN:986,_ZSt12__niter_baseIPPN12ReliableHAMTIiihSt4hashIiESt8equal_toIiESaISt4pairIKiiEEE4NodeESt6vectorISB_SaISB_EEET_N9__gnu_cxx17__normal_iteratorISG_T0_EE
FN:986,_ZSt12__niter_baseIPPN12ReliableHAMTINSt7__cxx1112basic_stringIcSt11char_traitsIcESaIcEEEijSt4hashIS6_ESt8equal_toIS6_ESaISt4pairIKS6_iEEE4NodeESt6vectorISH_SaISH_EEET_N9__gnu_cxx17__normal_iteratorISM_T0_EE
FN:1039,_ZNSt13move_iteratorIPPN12ReliableHAMTIiihSt4hashIiESt8equal_toIiESaISt4pairIKiiEEE4NodeEEC2ESC_
FN:1039,_ZNSt13move_iteratorIPPN12ReliableHAMTINSt7__cxx1112basic_stringIcSt11char_traitsIcESaIcEEEijSt4hashIS6_ESt8equal_toIS6_ESaISt4pairIKS6_iEEE4NodeEEC2ESI_
FN:1039,_ZNSt13move_iteratorIPPN12ReliableHAMTIiijSt4hashIiESt8equal_toIiESaISt4pairIKiiEEE4NodeEEC2ESC_
FN:1048,_ZNKSt13move_iteratorIPPN12ReliableHAMTIiihSt4hashIiESt8equal_toIiESaISt4pairIKiiEEE4NodeEE4baseEv
FN:1048,_ZNKSt13move_iteratorIPPN12ReliableHAMTINSt7__cxx1112basic_stringIcSt11char_traitsIcESaIcEEEijSt4hashIS6_ESt8equal_toIS6_ESaISt4pairIKS6_iEEE4NodeEE4baseEv
FN:1048,_ZNKSt13move_iteratorIPPN12ReliableHAMTIiijSt4hashIiESt8equal_toIiESaISt4pairIKiiEEE4NodeEE4baseEv
FN:1224,_ZSt32__make_move_if_noexcept_iteratorIPN12ReliableHAMTINSt7__cxx1112basic_stringIcSt11char_traitsIcESaIcEEEijSt4hashIS6_ESt8equal_toIS6_ESaISt4pairIKS6_iEEE4NodeESt13move_iteratorIPSH_EET0_PT_
FN:1224,_ZSt32__make_move_if_noexcept_iteratorIPN12ReliableHAMTIiijSt4hashIiESt8equal_toIiESaISt4pairIKiiEEE4NodeESt13move_iteratorIPSB_EET0_PT_
FN:1224,_ZSt32__make_move_if_noexcept_iteratorIPN12ReliableHAMTIiihSt4hashIiESt8equal_toIiESaISt4pairIKiiEEE4NodeESt13move_iteratorIPSB_EET0_PT_
FN:1244,_ZSt12__miter_baseIPPN12ReliableHAMTIiijSt4hashIiESt8equal_toIiESaISt4pairIKiiEEE4NodeEEDTcl12__miter_basecldtfp_4baseEEESt13move_iteratorIT_E
FN:1244,_ZSt12__miter_baseIPPN12ReliableHAMTINSt7__cxx1112basic_stringIcSt11char_traitsIcESaIcEEEijSt4hashIS6_ESt8equal_toIS6_ESaISt4pairIKS6_iEEE4NodeEEDTcl12__miter_basecldtfp_4baseEEESt13move_iteratorIT_E
FN:1244,_ZSt12__miter_baseIPPN12ReliableHAMTIiihSt4hashIiESt8equal_toIiESaISt4pairIKiiEEE4NodeEEDTcl12__miter_basecldtfp_4baseEEESt13move_iteratorIT_E
[...]
FN:225,_ZSt3getILm0EKiiERNSt13tuple_elementIXT_ESt4pairIT0_T1_EE4typeERS5_
FN:235,_ZSt3getILm0EKiiERKNSt13tuple_elementIXT_ESt4pairIT0_T1_EE4typeERKS5_
FNDA:798074,_ZNSt10__pair_getILm0EE5__getIKiiEERT_RSt4pairIS3_T0_E
FNDA:3220187,_ZNSt10__pair_getILm0EE11__const_getIKiiEERKT_RKSt4pairIS3_T0_E
FNDA:798074,_ZSt3getILm0EKiiERNSt13tuple_elementIXT_ESt4pairIT0_T1_EE4typeERS5_
FNDA:3220187,_ZSt3getILm0EKiiERKNSt13tuple_elementIXT_ESt4pairIT0_T1_EE4typeERKS5_
FNF:4
FNH:4
DA:190,798074
DA:191,798074
DA:200,3220187
DA:201,3220187
DA:225,798074
DA:226,798074
DA:235,3220187
DA:236,3220187
LF:8
LH:8
end_of_record
SF:/home/emroch/RHAMT/rhamt.hpp
FN:17,_ZN12ReliableHAMTIiihSt4hashIiESt8equal_toIiESaISt4pairIKiiEEED2Ev
FN:17,_ZN12ReliableHAMTIiihSt4hashIiESt8equal_toIiESaISt4pairIKiiEEEC2Ev
FN:17,_ZN12ReliableHAMTINSt7__cxx1112basic_stringIcSt11char_traitsIcESaIcEEEijSt4hashIS5_ESt8equal_toIS5_ESaISt4pairIKS5_iEEED2Ev
FN:17,_ZN12ReliableHAMTINSt7__cxx1112basic_stringIcSt11char_traitsIcESaIcEEEijSt4hashIS5_ESt8equal_toIS5_ESaISt4pairIKS5_iEEEC2Ev
FN:17,_ZN12ReliableHAMTIiijSt4hashIiESt8equal_toIiESaISt4pairIKiiEEED2Ev
FN:17,_ZN12ReliableHAMTIiijSt4hashIiESt8equal_toIiESaISt4pairIKiiEEEC2Ev
FN:24,_ZN12ReliableHAMTIiihSt4hashIiESt8equal_toIiESaISt4pairIKiiEEE7subhashEhi
FN:24,_ZN12ReliableHAMTIiijSt4hashIiESt8equal_toIiESaISt4pairIKiiEEE7subhashEji
FN:24,_ZN12ReliableHAMTINSt7__cxx1112basic_stringIcSt11char_traitsIcESaIcEEEijSt4hashIS5_ESt8equal_toIS5_ESaISt4pairIKS5_iEEE7subhashEji
FN:39,_ZN12ReliableHAMTIiihSt4hashIiESt8equal_toIiESaISt4pairIKiiEEE4NodeC2Ev
FN:39,_ZN12ReliableHAMTINSt7__cxx1112basic_stringIcSt11char_traitsIcESaIcEEEijSt4hashIS5_ESt8equal_toIS5_ESaISt4pairIKS5_iEEE4NodeC2Ev
FN:39,_ZN12ReliableHAMTIiijSt4hashIiESt8equal_toIiESaISt4pairIKiiEEE4NodeC2Ev
FN:43,_ZN12ReliableHAMTIiihSt4hashIiESt8equal_toIiESaISt4pairIKiiEEE4NodeD2Ev
FN:43,_ZN12ReliableHAMTIiijSt4hashIiESt8equal_toIiESaISt4pairIKiiEEE4NodeD2Ev
FN:43,_ZN12ReliableHAMTIiihSt4hashIiESt8equal_toIiESaISt4pairIKiiEEE4NodeD0Ev
FN:43,_ZN12ReliableHAMTINSt7__cxx1112basic_stringIcSt11char_traitsIcESaIcEEEijSt4hashIS5_ESt8equal_toIS5_ESaISt4pairIKS5_iEEE4NodeD2Ev
FN:43,_ZN12ReliableHAMTINSt7__cxx1112basic_stringIcSt11char_traitsIcESaIcEEEijSt4hashIS5_ESt8equal_toIS5_ESaISt4pairIKS5_iEEE4NodeD0Ev
FN:43,_ZN12ReliableHAMTIiijSt4hashIiESt8equal_toIiESaISt4pairIKiiEEE4NodeD0Ev
FN:67,_ZN12ReliableHAMTIiijSt4hashIiESt8equal_toIiESaISt4pairIKiiEEE9SplitNodeC2Ev
FN:67,_ZN12ReliableHAMTIiihSt4hashIiESt8equal_toIiESaISt4pairIKiiEEE9SplitNodeC2Ev
FN:67,_ZN12ReliableHAMTINSt7__cxx1112basic_stringIcSt11char_traitsIcESaIcEEEijSt4hashIS5_ESt8equal_toIS5_ESaISt4pairIKS5_iEEE9SplitNodeC2Ev
FN:77,_ZN12ReliableHAMTIiijSt4hashIiESt8equal_toIiESaISt4pairIKiiEEE8LeafNodeC2Ev
FN:77,_ZN12ReliableHAMTIiihSt4hashIiESt8equal_toIiESaISt4pairIKiiEEE8LeafNodeC2Ev
FN:77,_ZN12ReliableHAMTINSt7__cxx1112basic_stringIcSt11char_traitsIcESaIcEEEijSt4hashIS5_ESt8equal_toIS5_ESaISt4pairIKS5_iEEE8LeafNodeC2Ev
FN:117,_ZN12ReliableHAMTINSt7__cxx1112basic_stringIcSt11char_traitsIcESaIcEEEijSt4hashIS5_ESt8equal_toIS5_ESaISt4pairIKS5_iEEE8LeafNode6insertEjS5_RKii
FN:117,_ZN12ReliableHAMTIiihSt4hashIiESt8equal_toIiESaISt4pairIKiiEEE8LeafNode6insertEhiRS5_i
FN:117,_ZN12ReliableHAMTIiijSt4hashIiESt8equal_toIiESaISt4pairIKiiEEE8LeafNode6insertEjiRS5_i
FN:145,_ZN12ReliableHAMTINSt7__cxx1112basic_stringIcSt11char_traitsIcESaIcEEEijSt4hashIS5_ESt8equal_toIS5_ESaISt4pairIKS5_iEEE8LeafNode4readEjS5_i
FN:145,_ZN12ReliableHAMTIiijSt4hashIiESt8equal_toIiESaISt4pairIKiiEEE8LeafNode4readEjii
FN:145,_ZN12ReliableHAMTIiihSt4hashIiESt8equal_toIiESaISt4pairIKiiEEE8LeafNode4readEhii
FN:170,_ZN12ReliableHAMTIiijSt4hashIiESt8equal_toIiESaISt4pairIKiiEEE8LeafNode5creadEjii
FN:170,_ZN12ReliableHAMTINSt7__cxx1112basic_stringIcSt11char_traitsIcESaIcEEEijSt4hashIS5_ESt8equal_toIS5_ESaISt4pairIKS5_iEEE8LeafNode5creadEjS5_i
FN:170,_ZN12ReliableHAMTIiihSt4hashIiESt8equal_toIiESaISt4pairIKiiEEE8LeafNode5creadEhii
FN:185,_ZN12ReliableHAMTINSt7__cxx1112basic_stringIcSt11char_traitsIcESaIcEEEijSt4hashIS5_ESt8equal_toIS5_ESaISt4pairIKS5_iEEE8LeafNode6removeEjS5_iPm
FN:185,_ZN12ReliableHAMTIiijSt4hashIiESt8equal_toIiESaISt4pairIKiiEEE8LeafNode6removeEjiiPm
FN:185,_ZN12ReliableHAMTIiihSt4hashIiESt8equal_toIiESaISt4pairIKiiEEE8LeafNode6removeEhiiPm
FN:214,_ZN12ReliableHAMTINSt7__cxx1112basic_stringIcSt11char_traitsIcESaIcEEEijSt4hashIS5_ESt8equal_toIS5_ESaISt4pairIKS5_iEEE8LeafNodeD2Ev
FN:214,_ZN12ReliableHAMTIiijSt4hashIiESt8equal_toIiESaISt4pairIKiiEEE8LeafNodeD0Ev
FN:214,_ZN12ReliableHAMTIiijSt4hashIiESt8equal_toIiESaISt4pairIKiiEEE8LeafNodeD2Ev
FN:214,_ZN12ReliableHAMTIiihSt4hashIiESt8equal_toIiESaISt4pairIKiiEEE8LeafNodeD0Ev
FN:214,_ZN12ReliableHAMTINSt7__cxx1112basic_stringIcSt11char_traitsIcESaIcEEEijSt4hashIS5_ESt8equal_toIS5_ESaISt4pairIKS5_iEEE8LeafNodeD0Ev
FN:214,_ZN12ReliableHAMTIiihSt4hashIiESt8equal_toIiESaISt4pairIKiiEEE8LeafNodeD2Ev
FN:230,_ZNK12ReliableHAMTINSt7__cxx1112basic_stringIcSt11char_traitsIcESaIcEEEijSt4hashIS5_ESt8equal_toIS5_ESaISt4pairIKS5_iEEE9SplitNode8getChildEji
FN:230,_ZNK12ReliableHAMTIiijSt4hashIiESt8equal_toIiESaISt4pairIKiiEEE9SplitNode8getChildEji
FN:230,_ZNK12ReliableHAMTIiihSt4hashIiESt8equal_toIiESaISt4pairIKiiEEE9SplitNode8getChildEhi
FN:258,_ZN12ReliableHAMTIiijSt4hashIiESt8equal_toIiESaISt4pairIKiiEEE9SplitNode6insertEjiRS5_i
FN:258,_ZN12ReliableHAMTINSt7__cxx1112basic_stringIcSt11char_traitsIcESaIcEEEijSt4hashIS5_ESt8equal_toIS5_ESaISt4pairIKS5_iEEE9SplitNode6insertEjS5_RKii
FN:258,_ZN12ReliableHAMTIiihSt4hashIiESt8equal_toIiESaISt4pairIKiiEEE9SplitNode6insertEhiRS5_i
FN:300,_ZN12ReliableHAMTINSt7__cxx1112basic_stringIcSt11char_traitsIcESaIcEEEijSt4hashIS5_ESt8equal_toIS5_ESaISt4pairIKS5_iEEE9SplitNode4readEjS5_i
FN:300,_ZN12ReliableHAMTIiijSt4hashIiESt8equal_toIiESaISt4pairIKiiEEE9SplitNode4readEjii
FN:300,_ZN12ReliableHAMTIiihSt4hashIiESt8equal_toIiESaISt4pairIKiiEEE9SplitNode4readEhii
FN:321,_ZN12ReliableHAMTIiijSt4hashIiESt8equal_toIiESaISt4pairIKiiEEE9SplitNode5creadEjii
FN:321,_ZN12ReliableHAMTIiihSt4hashIiESt8equal_toIiESaISt4pairIKiiEEE9SplitNode5creadEhii
FN:321,_ZN12ReliableHAMTINSt7__cxx1112basic_stringIcSt11char_traitsIcESaIcEEEijSt4hashIS5_ESt8equal_toIS5_ESaISt4pairIKS5_iEEE9SplitNode5creadEjS5_i
FN:339,_ZN12ReliableHAMTIiihSt4hashIiESt8equal_toIiESaISt4pairIKiiEEE9SplitNode6removeEhiiPm
FN:339,_ZN12ReliableHAMTINSt7__cxx1112basic_stringIcSt11char_traitsIcESaIcEEEijSt4hashIS5_ESt8equal_toIS5_ESaISt4pairIKS5_iEEE9SplitNode6removeEjS5_iPm
FN:339,_ZN12ReliableHAMTIiijSt4hashIiESt8equal_toIiESaISt4pairIKiiEEE9SplitNode6removeEjiiPm
FN:377,_ZN12ReliableHAMTIiijSt4hashIiESt8equal_toIiESaISt4pairIKiiEEE9SplitNode8getCountEv
FN:377,_ZN12ReliableHAMTIiihSt4hashIiESt8equal_toIiESaISt4pairIKiiEEE9SplitNode8getCountEv
FN:391,_ZN12ReliableHAMTIiijSt4hashIiESt8equal_toIiESaISt4pairIKiiEEE9SplitNodeD0Ev
FN:391,_ZN12ReliableHAMTIiihSt4hashIiESt8equal_toIiESaISt4pairIKiiEEE9SplitNodeD0Ev
FN:391,_ZN12ReliableHAMTIiihSt4hashIiESt8equal_toIiESaISt4pairIKiiEEE9SplitNodeD2Ev
FN:391,_ZN12ReliableHAMTIiijSt4hashIiESt8equal_toIiESaISt4pairIKiiEEE9SplitNodeD2Ev
FN:391,_ZN12ReliableHAMTINSt7__cxx1112basic_stringIcSt11char_traitsIcESaIcEEEijSt4hashIS5_ESt8equal_toIS5_ESaISt4pairIKS5_iEEE9SplitNodeD0Ev
FN:391,_ZN12ReliableHAMTINSt7__cxx1112basic_stringIcSt11char_traitsIcESaIcEEEijSt4hashIS5_ESt8equal_toIS5_ESaISt4pairIKS5_iEEE9SplitNodeD2Ev
FN:412,_ZN12ReliableHAMTIiijSt4hashIiESt8equal_toIiESaISt4pairIKiiEEE6insertEiRS5_
FN:412,_ZN12ReliableHAMTIiihSt4hashIiESt8equal_toIiESaISt4pairIKiiEEE6insertEiRS5_
FN:412,_ZN12ReliableHAMTINSt7__cxx1112basic_stringIcSt11char_traitsIcESaIcEEEijSt4hashIS5_ESt8equal_toIS5_ESaISt4pairIKS5_iEEE6insertES5_RKi
FN:428,_ZN12ReliableHAMTIiihSt4hashIiESt8equal_toIiESaISt4pairIKiiEEE4readEi
FN:444,_ZN12ReliableHAMTIiihSt4hashIiESt8equal_toIiESaISt4pairIKiiEEE5creadEi
FN:444,_ZN12ReliableHAMTIiijSt4hashIiESt8equal_toIiESaISt4pairIKiiEEE5creadEi
FN:444,_ZN12ReliableHAMTINSt7__cxx1112basic_stringIcSt11char_traitsIcESaIcEEEijSt4hashIS5_ESt8equal_toIS5_ESaISt4pairIKS5_iEEE5creadES5_
FN:460,_ZN12ReliableHAMTIiihSt4hashIiESt8equal_toIiESaISt4pairIKiiEEE6removeEi
FN:460,_ZN12ReliableHAMTIiijSt4hashIiESt8equal_toIiESaISt4pairIKiiEEE6removeEi
FN:477,_ZN12ReliableHAMTIiihSt4hashIiESt8equal_toIiESaISt4pairIKiiEEE4sizeEv
FN:477,_ZN12ReliableHAMTIiijSt4hashIiESt8equal_toIiESaISt4pairIKiiEEE4sizeEv
FNDA:1,_ZN12ReliableHAMTINSt7__cxx1112basic_stringIcSt11char_traitsIcESaIcEEEijSt4hashIS5_ESt8equal_toIS5_ESaISt4pairIKS5_iEEED2Ev
FNDA:1,_ZN12ReliableHAMTINSt7__cxx1112basic_stringIcSt11char_traitsIcESaIcEEEijSt4hashIS5_ESt8equal_toIS5_ESaISt4pairIKS5_iEEEC2Ev
FNDA:5,_ZN12ReliableHAMTIiihSt4hashIiESt8equal_toIiESaISt4pairIKiiEEED2Ev
FNDA:5,_ZN12ReliableHAMTIiihSt4hashIiESt8equal_toIiESaISt4pairIKiiEEEC2Ev
FNDA:1,_ZN12ReliableHAMTIiijSt4hashIiESt8equal_toIiESaISt4pairIKiiEEED2Ev
FNDA:1,_ZN12ReliableHAMTIiijSt4hashIiESt8equal_toIiESaISt4pairIKiiEEEC2Ev
FNDA:21,_ZN12ReliableHAMTINSt7__cxx1112basic_stringIcSt11char_traitsIcESaIcEEEijSt4hashIS5_ESt8equal_toIS5_ESaISt4pairIKS5_iEEE7subhashEji
FNDA:409169,_ZN12ReliableHAMTIiihSt4hashIiESt8equal_toIiESaISt4pairIKiiEEE7subhashEhi
FNDA:28322004,_ZN12ReliableHAMTIiijSt4hashIiESt8equal_toIiESaISt4pairIKiiEEE7subhashEji
FNDA:8,_ZN12ReliableHAMTINSt7__cxx1112basic_stringIcSt11char_traitsIcESaIcEEEijSt4hashIS5_ESt8equal_toIS5_ESaISt4pairIKS5_iEEE4NodeC2Ev
FNDA:923,_ZN12ReliableHAMTIiihSt4hashIiESt8equal_toIiESaISt4pairIKiiEEE4NodeC2Ev
FNDA:3662746,_ZN12ReliableHAMTIiijSt4hashIiESt8equal_toIiESaISt4pairIKiiEEE4NodeC2Ev
FNDA:0,_ZN12ReliableHAMTINSt7__cxx1112basic_stringIcSt11char_traitsIcESaIcEEEijSt4hashIS5_ESt8equal_toIS5_ESaISt4pairIKS5_iEEE4NodeD0Ev
FNDA:8,_ZN12ReliableHAMTINSt7__cxx1112basic_stringIcSt11char_traitsIcESaIcEEEijSt4hashIS5_ESt8equal_toIS5_ESaISt4pairIKS5_iEEE4NodeD2Ev
FNDA:0,_ZN12ReliableHAMTIiihSt4hashIiESt8equal_toIiESaISt4pairIKiiEEE4NodeD0Ev
FNDA:923,_ZN12ReliableHAMTIiihSt4hashIiESt8equal_toIiESaISt4pairIKiiEEE4NodeD2Ev
FNDA:0,_ZN12ReliableHAMTIiijSt4hashIiESt8equal_toIiESaISt4pairIKiiEEE4NodeD0Ev
FNDA:3662746,_ZN12ReliableHAMTIiijSt4hashIiESt8equal_toIiESaISt4pairIKiiEEE4NodeD2Ev
FNDA:7,_ZN12ReliableHAMTINSt7__cxx1112basic_stringIcSt11char_traitsIcESaIcEEEijSt4hashIS5_ESt8equal_toIS5_ESaISt4pairIKS5_iEEE9SplitNodeC2Ev
FNDA:103,_ZN12ReliableHAMTIiihSt4hashIiESt8equal_toIiESaISt4pairIKiiEEE9SplitNodeC2Ev
FNDA:2662995,_ZN12ReliableHAMTIiijSt4hashIiESt8equal_toIiESaISt4pairIKiiEEE9SplitNodeC2Ev
FNDA:1,_ZN12ReliableHAMTINSt7__cxx1112basic_stringIcSt11char_traitsIcESaIcEEEijSt4hashIS5_ESt8equal_toIS5_ESaISt4pairIKS5_iEEE8LeafNodeC2Ev
FNDA:820,_ZN12ReliableHAMTIiihSt4hashIiESt8equal_toIiESaISt4pairIKiiEEE8LeafNodeC2Ev
FNDA:999751,_ZN12ReliableHAMTIiijSt4hashIiESt8equal_toIiESaISt4pairIKiiEEE8LeafNodeC2Ev
FNDA:1000000,_ZN12ReliableHAMTIiijSt4hashIiESt8equal_toIiESaISt4pairIKiiEEE8LeafNode6insertEjiRS5_i
FNDA:102562,_ZN12ReliableHAMTIiihSt4hashIiESt8equal_toIiESaISt4pairIKiiEEE8LeafNode6insertEhiRS5_i
FNDA:1,_ZN12ReliableHAMTINSt7__cxx1112basic_stringIcSt11char_traitsIcESaIcEEEijSt4hashIS5_ESt8equal_toIS5_ESaISt4pairIKS5_iEEE8LeafNode6insertEjS5_RKii
FNDA:999751,_ZN12ReliableHAMTIiijSt4hashIiESt8equal_toIiESaISt4pairIKiiEEE8LeafNode4readEjii
FNDA:101486,_ZN12ReliableHAMTIiihSt4hashIiESt8equal_toIiESaISt4pairIKiiEEE8LeafNode4readEhii
FNDA:1,_ZN12ReliableHAMTINSt7__cxx1112basic_stringIcSt11char_traitsIcESaIcEEEijSt4hashIS5_ESt8equal_toIS5_ESaISt4pairIKS5_iEEE8LeafNode4readEjS5_i
FNDA:999751,_ZN12ReliableHAMTIiijSt4hashIiESt8equal_toIiESaISt4pairIKiiEEE8LeafNode5creadEjii
FNDA:101022,_ZN12ReliableHAMTIiihSt4hashIiESt8equal_toIiESaISt4pairIKiiEEE8LeafNode5creadEhii
FNDA:1,_ZN12ReliableHAMTINSt7__cxx1112basic_stringIcSt11char_traitsIcESaIcEEEijSt4hashIS5_ESt8equal_toIS5_ESaISt4pairIKS5_iEEE8LeafNode5creadEjS5_i
FNDA:999751,_ZN12ReliableHAMTIiijSt4hashIiESt8equal_toIiESaISt4pairIKiiEEE8LeafNode6removeEjiiPm
FNDA:51,_ZN12ReliableHAMTIiihSt4hashIiESt8equal_toIiESaISt4pairIKiiEEE8LeafNode6removeEhiiPm
FNDA:0,_ZN12ReliableHAMTINSt7__cxx1112basic_stringIcSt11char_traitsIcESaIcEEEijSt4hashIS5_ESt8equal_toIS5_ESaISt4pairIKS5_iEEE8LeafNode6removeEjS5_iPm
FNDA:999751,_ZN12ReliableHAMTIiijSt4hashIiESt8equal_toIiESaISt4pairIKiiEEE8LeafNodeD0Ev
FNDA:999751,_ZN12ReliableHAMTIiijSt4hashIiESt8equal_toIiESaISt4pairIKiiEEE8LeafNodeD2Ev
FNDA:820,_ZN12ReliableHAMTIiihSt4hashIiESt8equal_toIiESaISt4pairIKiiEEE8LeafNodeD0Ev
FNDA:820,_ZN12ReliableHAMTIiihSt4hashIiESt8equal_toIiESaISt4pairIKiiEEE8LeafNodeD2Ev
FNDA:1,_ZN12ReliableHAMTINSt7__cxx1112basic_stringIcSt11char_traitsIcESaIcEEEijSt4hashIS5_ESt8equal_toIS5_ESaISt4pairIKS5_iEEE8LeafNodeD0Ev
FNDA:1,_ZN12ReliableHAMTINSt7__cxx1112basic_stringIcSt11char_traitsIcESaIcEEEijSt4hashIS5_ESt8equal_toIS5_ESaISt4pairIKS5_iEEE8LeafNodeD2Ev
FNDA:14,_ZNK12ReliableHAMTINSt7__cxx1112basic_stringIcSt11char_traitsIcESaIcEEEijSt4hashIS5_ESt8equal_toIS5_ESaISt4pairIKS5_iEEE9SplitNode8getChildEji
FNDA:408201,_ZNK12ReliableHAMTIiihSt4hashIiESt8equal_toIiESaISt4pairIKiiEEE9SplitNode8getChildEhi
FNDA:20996514,_ZNK12ReliableHAMTIiijSt4hashIiESt8equal_toIiESaISt4pairIKiiEEE9SplitNode8getChildEji
FNDA:7,_ZN12ReliableHAMTINSt7__cxx1112basic_stringIcSt11char_traitsIcESaIcEEEijSt4hashIS5_ESt8equal_toIS5_ESaISt4pairIKS5_iEEE9SplitNode6insertEjS5_RKii
FNDA:205124,_ZN12ReliableHAMTIiihSt4hashIiESt8equal_toIiESaISt4pairIKiiEEE9SplitNode6insertEhiRS5_i
FNDA:7000000,_ZN12ReliableHAMTIiijSt4hashIiESt8equal_toIiESaISt4pairIKiiEEE9SplitNode6insertEjiRS5_i
FNDA:0,_ZN12ReliableHAMTIiijSt4hashIiESt8equal_toIiESaISt4pairIKiiEEE9SplitNode4readEjii
FNDA:0,_ZN12ReliableHAMTINSt7__cxx1112basic_stringIcSt11char_traitsIcESaIcEEEijSt4hashIS5_ESt8equal_toIS5_ESaISt4pairIKS5_iEEE9SplitNode4readEjS5_i
FNDA:929,_ZN12ReliableHAMTIiihSt4hashIiESt8equal_toIiESaISt4pairIKiiEEE9SplitNode4readEhii
FNDA:7,_ZN12ReliableHAMTINSt7__cxx1112basic_stringIcSt11char_traitsIcESaIcEEEijSt4hashIS5_ESt8equal_toIS5_ESaISt4pairIKS5_iEEE9SplitNode5creadEjS5_i
FNDA:202045,_ZN12ReliableHAMTIiihSt4hashIiESt8equal_toIiESaISt4pairIKiiEEE9SplitNode5creadEhii
FNDA:6998257,_ZN12ReliableHAMTIiijSt4hashIiESt8equal_toIiESaISt4pairIKiiEEE9SplitNode5creadEjii
FNDA:0,_ZN12ReliableHAMTINSt7__cxx1112basic_stringIcSt11char_traitsIcESaIcEEEijSt4hashIS5_ESt8equal_toIS5_ESaISt4pairIKS5_iEEE9SplitNode6removeEjS5_iPm
FNDA:103,_ZN12ReliableHAMTIiihSt4hashIiESt8equal_toIiESaISt4pairIKiiEEE9SplitNode6removeEhiiPm
FNDA:6998257,_ZN12ReliableHAMTIiijSt4hashIiESt8equal_toIiESaISt4pairIKiiEEE9SplitNode6removeEjiiPm
FNDA:5,_ZN12ReliableHAMTIiihSt4hashIiESt8equal_toIiESaISt4pairIKiiEEE9SplitNode8getCountEv
FNDA:2,_ZN12ReliableHAMTIiijSt4hashIiESt8equal_toIiESaISt4pairIKiiEEE9SplitNode8getCountEv
FNDA:6,_ZN12ReliableHAMTINSt7__cxx1112basic_stringIcSt11char_traitsIcESaIcEEEijSt4hashIS5_ESt8equal_toIS5_ESaISt4pairIKS5_iEEE9SplitNodeD0Ev
FNDA:7,_ZN12ReliableHAMTINSt7__cxx1112basic_stringIcSt11char_traitsIcESaIcEEEijSt4hashIS5_ESt8equal_toIS5_ESaISt4pairIKS5_iEEE9SplitNodeD2Ev
FNDA:98,_ZN12ReliableHAMTIiihSt4hashIiESt8equal_toIiESaISt4pairIKiiEEE9SplitNodeD0Ev
FNDA:103,_ZN12ReliableHAMTIiihSt4hashIiESt8equal_toIiESaISt4pairIKiiEEE9SplitNodeD2Ev
FNDA:2662994,_ZN12ReliableHAMTIiijSt4hashIiESt8equal_toIiESaISt4pairIKiiEEE9SplitNodeD0Ev
FNDA:2662995,_ZN12ReliableHAMTIiijSt4hashIiESt8equal_toIiESaISt4pairIKiiEEE9SplitNodeD2Ev
FNDA:1,_ZN12ReliableHAMTINSt7__cxx1112basic_stringIcSt11char_traitsIcESaIcEEEijSt4hashIS5_ESt8equal_toIS5_ESaISt4pairIKS5_iEEE6insertES5_RKi
FNDA:102562,_ZN12ReliableHAMTIiihSt4hashIiESt8equal_toIiESaISt4pairIKiiEEE6insertEiRS5_
FNDA:1000000,_ZN12ReliableHAMTIiijSt4hashIiESt8equal_toIiESaISt4pairIKiiEEE6insertEiRS5_
FNDA:465,_ZN12ReliableHAMTIiihSt4hashIiESt8equal_toIiESaISt4pairIKiiEEE4readEi
FNDA:1,_ZN12ReliableHAMTINSt7__cxx1112basic_stringIcSt11char_traitsIcESaIcEEEijSt4hashIS5_ESt8equal_toIS5_ESaISt4pairIKS5_iEEE5creadES5_
FNDA:101023,_ZN12ReliableHAMTIiihSt4hashIiESt8equal_toIiESaISt4pairIKiiEEE5creadEi
FNDA:999751,_ZN12ReliableHAMTIiijSt4hashIiESt8equal_toIiESaISt4pairIKiiEEE5creadEi
FNDA:52,_ZN12ReliableHAMTIiihSt4hashIiESt8equal_toIiESaISt4pairIKiiEEE6removeEi
FNDA:999751,_ZN12ReliableHAMTIiijSt4hashIiESt8equal_toIiESaISt4pairIKiiEEE6removeEi
FNDA:5,_ZN12ReliableHAMTIiihSt4hashIiESt8equal_toIiESaISt4pairIKiiEEE4sizeEv
FNDA:2,_ZN12ReliableHAMTIiijSt4hashIiESt8equal_toIiESaISt4pairIKiiEEE4sizeEv
FNF:76
FNH:69
DA:17,14
DA:24,28731194
DA:28,28731194
DA:39,3663677
DA:43,3663677
DA:67,2663105
DA:77,1000572
DA:117,1102563
DA:126,20633991
DA:127,19532703
DA:128,1275
DA:129,1275
DA:132,2202575
DA:133,1101288
DA:145,1101238
DA:153,20630676
DA:154,20630675
DA:155,1101237
DA:158,1
DA:170,1100774
DA:173,1100774
DA:185,999802
DA:194,999802
DA:195,999803
DA:196,999802
DA:197,999801
DA:198,999801
DA:199,999801
DA:202,999802
DA:203,999802
DA:214,2001144
DA:217,2001144
DA:230,21404729
DA:236,21404729
DA:237,21404729
DA:238,3663673
DA:244,17741056
DA:245,17741056
DA:246,17741056
DA:258,7205131
DA:269,7205131
DA:270,7205131
DA:271,3663670
DA:272,3663670
DA:273,3663670
DA:275,3663670
DA:276,1000572
DA:278,2663098
DA:279,3663670
DA:280,3663670
DA:286,7205131
DA:287,7205131
DA:288,7205131
DA:300,929
DA:306,929
DA:307,929
DA:308,1
DA:309,928
DA:321,7200309
DA:324,7200309
DA:325,7200309
DA:326,1
DA:327,7200308
DA:339,6998360
DA:345,6998360
DA:346,6998360
DA:347,1
DA:352,6998359
DA:353,6998359
DA:356,6998359
DA:357,3662795
DA:358,3662795
DA:359,3662795
DA:360,3662795
DA:364,6998359
DA:365,6998359
DA:377,7
DA:380,7
DA:391,5326203
DA:394,2663980
DA:395,875
DA:396,875
DA:399,7989308
DA:412,1102563
DA:415,1102563
DA:416,1102563
DA:428,465
DA:431,465
DA:432,465
DA:444,1100775
DA:447,1100775
DA:448,1100775
DA:460,999803
DA:463,999803
DA:465,999803
DA:477,7
DA:480,7
LF:97
LH:97
end_of_record
SF:/home/emroch/RHAMT/test.cpp
FN:11,_Z9unit_testPFbvENSt7__cxx1112basic_stringIcSt11char_traitsIcESaIcEEE
FN:24,_Z18test_random_sparsev
FN:64,_Z16test_small_rhamtv
FN:110,_Z14test_overwritev
FN:134,_Z17test_random_densev
FN:160,_Z15test_string_keyv
FN:176,_Z17test_missing_readv
FN:199,_Z19test_missing_removev
FN:227,main
FN:243,_Z41__static_initialization_and_destruction_0ii
FN:243,_GLOBAL__sub_I__Z9unit_testPFbvENSt7__cxx1112basic_stringIcSt11char_traitsIcESaIcEEE
FNDA:7,_Z9unit_testPFbvENSt7__cxx1112basic_stringIcSt11char_traitsIcESaIcEEE
FNDA:1,_Z18test_random_sparsev
FNDA:1,_Z16test_small_rhamtv
FNDA:1,_Z14test_overwritev
FNDA:1,_Z17test_random_densev
FNDA:1,_Z15test_string_keyv
FNDA:1,_Z17test_missing_readv
FNDA:1,_Z19test_missing_removev
FNDA:1,main
FNDA:1,_GLOBAL__sub_I__Z9unit_testPFbvENSt7__cxx1112basic_stringIcSt11char_traitsIcESaIcEEE
FNDA:1,_Z41__static_initialization_and_destruction_0ii
FNF:11
FNH:11
DA:11,7
DA:12,7
DA:14,7
DA:15,7
DA:16,0
DA:18,0
DA:20,7
DA:21,7
DA:24,1
DA:26,2
DA:27,2
DA:30,1000001
DA:31,1000000
DA:32,1000000
DA:33,1000000
DA:34,1000000
DA:37,1
DA:38,0
DA:40,0
DA:43,999752
DA:44,999751
DA:45,999751
DA:46,0
DA:48,999751
DA:49,0
DA:51,999751
DA:54,2
DA:55,0
DA:57,0
DA:60,1
DA:64,1
DA:66,2
DA:69,257
DA:70,256
DA:72,1
DA:73,1
DA:74,0
DA:75,0
DA:79,51
DA:80,50
DA:82,1
DA:83,1
DA:84,0
DA:85,0
DA:90,257
DA:91,256
DA:93,1
DA:94,1
DA:95,0
DA:96,0
DA:99,463
DA:100,462
DA:101,462
DA:102,0
DA:103,0
DA:107,1
DA:110,1
DA:112,2
DA:114,1025
DA:115,1024
DA:116,1025
DA:117,1024
DA:119,1025
DA:120,1024
DA:121,1024
DA:122,0
DA:124,1024
DA:125,0
DA:127,0
DA:131,1
DA:134,1
DA:136,2
DA:137,2
DA:139,100001
DA:140,100000
DA:141,100000
DA:142,100000
DA:143,100000
DA:146,99999
DA:147,99998
DA:148,99998
DA:149,0
DA:151,99998
DA:152,0
DA:153,0
DA:154,0
DA:157,1
DA:160,1
DA:162,2
DA:164,1
DA:165,1
DA:166,1
DA:167,0
DA:169,1
DA:170,0
DA:173,1
DA:176,1
DA:178,2
DA:180,1
DA:181,1
DA:182,1
DA:183,0
DA:186,1
DA:187,1
DA:188,0
DA:191,1
DA:192,1
DA:193,0
DA:196,1
DA:199,1
DA:201,2
DA:203,1
DA:204,1
DA:205,1
DA:206,0
DA:208,1
DA:209,0
DA:212,1
DA:213,1
DA:214,0
DA:216,1
DA:217,0
DA:220,1
DA:221,0
DA:224,1
DA:227,1
DA:229,1
DA:230,1
DA:232,1
DA:233,1
DA:234,1
DA:235,1
DA:236,1
DA:237,1
DA:238,1
DA:240,1
DA:242,1
DA:243,3
LF:138
LH:105
end_of_record
